

Processing Rails::InfoController#properties (for ::ffff:127.0.0.1 at 2009-05-09 10:25:56) [GET]
  [4;36;1mSQL (1.1ms)[0m   [0;1m SELECT name
 FROM sqlite_master
 WHERE type = 'table' AND NOT name = 'sqlite_sequence'
[0m
Completed in 65ms (View: 7, DB: 1) | 200 OK [http://localhost/rails/info/properties]
  [4;36;1mSQL (1.1ms)[0m   [0;1m SELECT name
 FROM sqlite_master
 WHERE type = 'table' AND NOT name = 'sqlite_sequence'
[0m
  [4;35;1mSQL (0.5ms)[0m   [0mselect sqlite_version(*)[0m
  [4;36;1mSQL (9.3ms)[0m   [0;1mCREATE TABLE "schema_migrations" ("version" varchar(255) NOT NULL) [0m
  [4;35;1mSQL (16.9ms)[0m   [0mCREATE UNIQUE INDEX "unique_schema_migrations" ON "schema_migrations" ("version")[0m
  [4;36;1mSQL (0.5ms)[0m   [0;1m SELECT name
 FROM sqlite_master
 WHERE type = 'table' AND NOT name = 'sqlite_sequence'
[0m
  [4;35;1mSQL (0.4ms)[0m   [0mSELECT version FROM schema_migrations[0m
Migrating to CreateProducts (20090509142019)
  [4;36;1mSQL (1.3ms)[0m   [0;1mCREATE TABLE "products" ("id" INTEGER PRIMARY KEY AUTOINCREMENT NOT NULL, "name" varchar(255), "description" text, "price" decimal(18,2), "created_at" datetime, "updated_at" datetime) [0m
  [4;35;1mSQL (0.4ms)[0m   [0mINSERT INTO schema_migrations (version) VALUES ('20090509142019')[0m
  [4;36;1mSQL (0.6ms)[0m   [0;1m SELECT name
 FROM sqlite_master
 WHERE type = 'table' AND NOT name = 'sqlite_sequence'
[0m
  [4;35;1mSQL (0.5ms)[0m   [0mSELECT version FROM schema_migrations[0m
  [4;36;1mSQL (0.6ms)[0m   [0;1m SELECT name
 FROM sqlite_master
 WHERE type = 'table' AND NOT name = 'sqlite_sequence'
[0m
  [4;35;1mSQL (0.2ms)[0m   [0mPRAGMA index_list("products")[0m
  [4;36;1mSQL (1.9ms)[0m   [0;1m SELECT name
 FROM sqlite_master
 WHERE type = 'table' AND NOT name = 'sqlite_sequence'
[0m
  [4;35;1mSQL (0.8ms)[0m   [0mSELECT version FROM schema_migrations[0m
  [4;36;1mSQL (0.7ms)[0m   [0;1m SELECT name
 FROM sqlite_master
 WHERE type = 'table' AND NOT name = 'sqlite_sequence'
[0m
  [4;35;1mSQL (0.4ms)[0m   [0mSELECT version FROM schema_migrations[0m
Migrating to CreateProducts (20090509142019)
  [4;36;1mSQL (0.6ms)[0m   [0;1mselect sqlite_version(*)[0m
  [4;35;1mSQL (25.3ms)[0m   [0mDROP TABLE "products"[0m
  [4;36;1mSQL (0.4ms)[0m   [0;1mDELETE FROM schema_migrations WHERE version = '20090509142019'[0m
  [4;35;1mSQL (0.4ms)[0m   [0m SELECT name
 FROM sqlite_master
 WHERE type = 'table' AND NOT name = 'sqlite_sequence'
[0m
  [4;36;1mSQL (0.3ms)[0m   [0;1mSELECT version FROM schema_migrations[0m
  [4;35;1mSQL (0.4ms)[0m   [0m SELECT name
 FROM sqlite_master
 WHERE type = 'table' AND NOT name = 'sqlite_sequence'
[0m
  [4;36;1mSQL (1.2ms)[0m   [0;1m SELECT name
 FROM sqlite_master
 WHERE type = 'table' AND NOT name = 'sqlite_sequence'
[0m
  [4;35;1mSQL (0.3ms)[0m   [0mSELECT version FROM schema_migrations[0m
Migrating to CreateProducts (20090509142019)
  [4;36;1mSQL (0.4ms)[0m   [0;1mselect sqlite_version(*)[0m
  [4;35;1mSQL (1.1ms)[0m   [0mCREATE TABLE "products" ("id" INTEGER PRIMARY KEY AUTOINCREMENT NOT NULL, "name" varchar(255), "description" text, "price" decimal(18,2), "created_at" datetime, "updated_at" datetime) [0m
  [4;36;1mSQL (0.7ms)[0m   [0;1mINSERT INTO schema_migrations (version) VALUES ('20090509142019')[0m
  [4;35;1mSQL (0.5ms)[0m   [0m SELECT name
 FROM sqlite_master
 WHERE type = 'table' AND NOT name = 'sqlite_sequence'
[0m
  [4;36;1mSQL (0.3ms)[0m   [0;1mSELECT version FROM schema_migrations[0m
  [4;35;1mSQL (0.4ms)[0m   [0m SELECT name
 FROM sqlite_master
 WHERE type = 'table' AND NOT name = 'sqlite_sequence'
[0m
  [4;36;1mSQL (0.2ms)[0m   [0;1mPRAGMA index_list("products")[0m
  [4;36;1mSQL (1.3ms)[0m   [0;1m SELECT name
 FROM sqlite_master
 WHERE type = 'table' AND NOT name = 'sqlite_sequence'
[0m
  [4;35;1mSQL (0.4ms)[0m   [0mSELECT version FROM schema_migrations[0m
Migrating to CreateProducts (20090509142019)
  [4;36;1mSQL (0.3ms)[0m   [0;1mselect sqlite_version(*)[0m
  [4;35;1mSQL (0.4ms)[0m   [0m SELECT name
 FROM sqlite_master
 WHERE type = 'table' AND NOT name = 'sqlite_sequence'
[0m
  [4;36;1mSQL (0.4ms)[0m   [0;1mSELECT version FROM schema_migrations[0m
  [4;35;1mSQL (0.4ms)[0m   [0m SELECT name
 FROM sqlite_master
 WHERE type = 'table' AND NOT name = 'sqlite_sequence'
[0m
  [4;36;1mSQL (0.2ms)[0m   [0;1mPRAGMA index_list("products")[0m


Processing ProductsController#index (for ::ffff:127.0.0.1 at 2009-05-09 13:22:20) [GET]
  [4;36;1mProduct Load (1.7ms)[0m   [0;1mSELECT * FROM "products" [0m
Rendering template within layouts/products
Rendering products/index
Completed in 80ms (View: 61, DB: 2) | 200 OK [http://localhost/products]


Processing ProductsController#new (for ::ffff:127.0.0.1 at 2009-05-09 13:25:28) [GET]
Rendering template within layouts/products
Rendering products/new
Completed in 73ms (View: 42, DB: 0) | 200 OK [http://localhost/products/new]


Processing ProductsController#new (for ::ffff:127.0.0.1 at 2009-05-09 13:27:07) [GET]
Rendering template within layouts/products
Rendering products/new
Completed in 44ms (View: 20, DB: 0) | 200 OK [http://localhost/products/new]


Processing ProductsController#new (for ::ffff:127.0.0.1 at 2009-05-09 13:27:22) [GET]
Rendering template within layouts/products
Rendering products/new
Completed in 42ms (View: 22, DB: 0) | 200 OK [http://localhost/products/new]


Processing ProductsController#new (for ::ffff:127.0.0.1 at 2009-05-09 13:27:29) [GET]
Rendering template within layouts/products
Rendering products/new
Completed in 50ms (View: 27, DB: 0) | 200 OK [http://localhost/products/new]


Processing ProductsController#new (for ::ffff:127.0.0.1 at 2009-05-09 13:30:39) [GET]
Rendering template within layouts/products
Rendering products/new
Completed in 31ms (View: 13, DB: 0) | 200 OK [http://localhost/products/new]


Processing ProductsController#new (for ::ffff:127.0.0.1 at 2009-05-09 13:31:40) [GET]
Rendering template within layouts/products
Rendering products/new
Completed in 31ms (View: 20, DB: 0) | 200 OK [http://localhost/products/new]


Processing ProductsController#new (for ::ffff:127.0.0.1 at 2009-05-09 13:32:04) [GET]
Rendering template within layouts/products
Rendering products/new
Completed in 44ms (View: 23, DB: 0) | 200 OK [http://localhost/products/new]


Processing ProductsController#new (for ::ffff:127.0.0.1 at 2009-05-09 13:33:05) [GET]
Rendering template within layouts/products
Rendering products/new
Completed in 25ms (View: 15, DB: 0) | 200 OK [http://localhost/products/new]


Processing ProductsController#create (for ::ffff:127.0.0.1 at 2009-05-09 13:34:26) [POST]
  Parameters: {"commit"=>"Create", "authenticity_token"=>"FB8E7vkPbTD4ZlBQQmKQrDkAd9qjFkGVoLLM63fm6Wo=", "product"=>{"price"=>"2,50", "name"=>"pipoca", "description"=>"pipoca de milho"}}
  [4;35;1mProduct Create (1.3ms)[0m   [0mINSERT INTO "products" ("name", "price", "created_at", "updated_at", "description") VALUES('pipoca', 2.0, '2009-05-09 16:34:26', '2009-05-09 16:34:26', 'pipoca de milho')[0m
Redirected to http://localhost:3000/products/1
Completed in 192ms (DB: 1) | 302 Found [http://localhost/products]


Processing ProductsController#show (for ::ffff:127.0.0.1 at 2009-05-09 13:34:26) [GET]
  Parameters: {"id"=>"1"}
  [4;36;1mProduct Load (0.7ms)[0m   [0;1mSELECT * FROM "products" WHERE ("products"."id" = 1) [0m
Rendering template within layouts/products
Rendering products/show
Completed in 163ms (View: 141, DB: 1) | 200 OK [http://localhost/products/1]


Processing ProductsController#index (for ::ffff:127.0.0.1 at 2009-05-09 13:34:29) [GET]
  [4;35;1mProduct Load (1.4ms)[0m   [0mSELECT * FROM "products" [0m
Rendering template within layouts/products
Rendering products/index
Completed in 18ms (View: 7, DB: 1) | 200 OK [http://localhost/products]


Processing ProductsController#destroy (for ::ffff:127.0.0.1 at 2009-05-09 13:34:32) [DELETE]
  Parameters: {"authenticity_token"=>"FB8E7vkPbTD4ZlBQQmKQrDkAd9qjFkGVoLLM63fm6Wo=", "id"=>"1"}
  [4;36;1mProduct Load (0.7ms)[0m   [0;1mSELECT * FROM "products" WHERE ("products"."id" = 1) [0m
  [4;35;1mProduct Destroy (0.7ms)[0m   [0mDELETE FROM "products" WHERE "id" = 1[0m
Redirected to http://localhost:3000/products
Completed in 155ms (DB: 1) | 302 Found [http://localhost/products/1]


Processing ProductsController#index (for ::ffff:127.0.0.1 at 2009-05-09 13:34:32) [GET]
  [4;36;1mProduct Load (1.0ms)[0m   [0;1mSELECT * FROM "products" [0m
Rendering template within layouts/products
Rendering products/index
Completed in 13ms (View: 3, DB: 1) | 200 OK [http://localhost/products]


Processing ProductsController#new (for ::ffff:127.0.0.1 at 2009-05-09 13:35:35) [GET]
Rendering template within layouts/products
Rendering products/new
Completed in 28ms (View: 16, DB: 0) | 200 OK [http://localhost/products/new]


Processing ProductsController#create (for ::ffff:127.0.0.1 at 2009-05-09 13:35:53) [POST]
  Parameters: {"commit"=>"Create", "authenticity_token"=>"FB8E7vkPbTD4ZlBQQmKQrDkAd9qjFkGVoLLM63fm6Wo=", "product"=>{"price"=>"2.50", "name"=>"pipoca", "description"=>"pipoca de milho"}}
  [4;35;1mProduct Create (0.7ms)[0m   [0mINSERT INTO "products" ("name", "price", "created_at", "updated_at", "description") VALUES('pipoca', 2.5, '2009-05-09 16:35:53', '2009-05-09 16:35:53', 'pipoca de milho')[0m
Redirected to http://localhost:3000/products/2
Completed in 118ms (DB: 1) | 302 Found [http://localhost/products]


Processing ProductsController#show (for ::ffff:127.0.0.1 at 2009-05-09 13:35:53) [GET]
  Parameters: {"id"=>"2"}
  [4;36;1mProduct Load (1.1ms)[0m   [0;1mSELECT * FROM "products" WHERE ("products"."id" = 2) [0m
Rendering template within layouts/products
Rendering products/show
Completed in 33ms (View: 4, DB: 1) | 200 OK [http://localhost/products/2]


Processing ProductsController#show (for ::ffff:127.0.0.1 at 2009-05-09 13:37:02) [GET]
  Parameters: {"id"=>"2"}
  [4;35;1mProduct Load (0.7ms)[0m   [0mSELECT * FROM "products" WHERE ("products"."id" = 2) [0m
Rendering template within layouts/products
Rendering products/show
Completed in 15ms (View: 3, DB: 1) | 200 OK [http://localhost/products/2]


Processing ProductsController#index (for ::ffff:127.0.0.1 at 2009-05-09 13:37:08) [GET]
  [4;36;1mProduct Load (43.9ms)[0m   [0;1mSELECT * FROM "products" [0m
Rendering template within layouts/products
Rendering products/index
Completed in 201ms (View: 148, DB: 44) | 200 OK [http://localhost/products]


Processing ProductsController#index (for ::ffff:127.0.0.1 at 2009-05-09 13:37:11) [GET]
  [4;35;1mProduct Load (1.3ms)[0m   [0mSELECT * FROM "products" [0m
Rendering template within layouts/products
Rendering products/index
Completed in 28ms (View: 7, DB: 1) | 200 OK [http://localhost/products]


Processing ProductsController#index (for ::ffff:127.0.0.1 at 2009-05-09 13:37:11) [GET]
  [4;36;1mProduct Load (1.4ms)[0m   [0;1mSELECT * FROM "products" [0m
Rendering template within layouts/products
Rendering products/index
Completed in 55ms (View: 20, DB: 1) | 200 OK [http://localhost/products]


Processing ProductsController#index (for ::ffff:127.0.0.1 at 2009-05-09 13:37:30) [GET]
  [4;35;1mProduct Load (1.3ms)[0m   [0mSELECT * FROM "products" [0m
Rendering template within layouts/products
Rendering products/index
Completed in 24ms (View: 13, DB: 1) | 200 OK [http://localhost/products]


Processing ProductsController#index (for ::ffff:127.0.0.1 at 2009-05-09 13:38:06) [GET]
  [4;36;1mProduct Load (1.2ms)[0m   [0;1mSELECT * FROM "products" [0m
Rendering template within layouts/products
Rendering products/index
Completed in 25ms (View: 15, DB: 1) | 200 OK [http://localhost/products]


Processing ProductsController#index (for ::ffff:127.0.0.1 at 2009-05-09 13:38:36) [GET]
  [4;35;1mProduct Load (1.1ms)[0m   [0mSELECT * FROM "products" [0m
Rendering template within layouts/products
Rendering products/index
Completed in 102ms (View: 45, DB: 1) | 200 OK [http://localhost/products]


Processing ProductsController#index (for ::ffff:127.0.0.1 at 2009-05-09 13:38:37) [GET]
  [4;36;1mProduct Load (1.1ms)[0m   [0;1mSELECT * FROM "products" [0m
Rendering template within layouts/products
Rendering products/index
Completed in 43ms (View: 20, DB: 1) | 200 OK [http://localhost/products]


Processing ProductsController#index (for ::ffff:127.0.0.1 at 2009-05-09 13:40:30) [GET]
  [4;35;1mProduct Load (1.3ms)[0m   [0mSELECT * FROM "products" [0m
Rendering template within layouts/products
Rendering products/index
Completed in 35ms (View: 23, DB: 1) | 200 OK [http://localhost/products]


Processing ProductsController#edit (for ::ffff:127.0.0.1 at 2009-05-09 13:43:38) [GET]
  Parameters: {"id"=>"2"}
  [4;36;1mProduct Load (0.7ms)[0m   [0;1mSELECT * FROM "products" WHERE ("products"."id" = 2) [0m
Rendering template within layouts/products
Rendering products/edit
Completed in 67ms (View: 44, DB: 1) | 200 OK [http://localhost/products/2/edit]


Processing ProductsController#show (for ::ffff:127.0.0.1 at 2009-05-09 13:43:43) [GET]
  Parameters: {"id"=>"2"}
  [4;35;1mProduct Load (1.1ms)[0m   [0mSELECT * FROM "products" WHERE ("products"."id" = 2) [0m
Rendering template within layouts/products
Rendering products/show
Completed in 18ms (View: 4, DB: 1) | 200 OK [http://localhost/products/2]


Processing ProductsController#show (for ::ffff:127.0.0.1 at 2009-05-09 13:43:45) [GET]
  Parameters: {"id"=>"2"}
  [4;36;1mProduct Load (0.7ms)[0m   [0;1mSELECT * FROM "products" WHERE ("products"."id" = 2) [0m
Rendering template within layouts/products
Rendering products/show
Completed in 35ms (View: 13, DB: 1) | 200 OK [http://localhost/products/2]


Processing ProductsController#new (for ::ffff:127.0.0.1 at 2009-05-09 13:43:47) [GET]
Rendering template within layouts/products
Rendering products/new
Completed in 18ms (View: 7, DB: 0) | 200 OK [http://localhost/products/new]


Processing ProductsController#create (for ::ffff:127.0.0.1 at 2009-05-09 13:43:57) [POST]
  Parameters: {"commit"=>"Create", "authenticity_token"=>"FB8E7vkPbTD4ZlBQQmKQrDkAd9qjFkGVoLLM63fm6Wo=", "product"=>{"price"=>"10.50", "name"=>"outro produto", "description"=>"bla bla bla"}}
  [4;35;1mProduct Create (0.6ms)[0m   [0mINSERT INTO "products" ("name", "price", "created_at", "updated_at", "description") VALUES('outro produto', 10.5, '2009-05-09 16:43:57', '2009-05-09 16:43:57', 'bla bla bla')[0m
Redirected to http://localhost:3000/products/3
Completed in 103ms (DB: 1) | 302 Found [http://localhost/products]


Processing ProductsController#show (for ::ffff:127.0.0.1 at 2009-05-09 13:43:57) [GET]
  Parameters: {"id"=>"3"}
  [4;36;1mProduct Load (0.7ms)[0m   [0;1mSELECT * FROM "products" WHERE ("products"."id" = 3) [0m
Rendering template within layouts/products
Rendering products/show
Completed in 22ms (View: 3, DB: 1) | 200 OK [http://localhost/products/3]


Processing ProductsController#show (for ::ffff:127.0.0.1 at 2009-05-09 13:45:39) [GET]
  Parameters: {"id"=>"3"}
  [4;35;1mProduct Load (0.6ms)[0m   [0mSELECT * FROM "products" WHERE ("products"."id" = 3) [0m
Rendering template within layouts/products
Rendering products/show
Completed in 26ms (View: 10, DB: 1) | 200 OK [http://localhost/products/3]


Processing ProductsController#show (for ::ffff:127.0.0.1 at 2009-05-09 13:46:56) [GET]
  Parameters: {"id"=>"3"}
  [4;36;1mProduct Load (0.7ms)[0m   [0;1mSELECT * FROM "products" WHERE ("products"."id" = 3) [0m
Rendering template within layouts/products
Rendering products/show
Completed in 98ms (View: 38, DB: 1) | 200 OK [http://localhost/products/3]


Processing ProductsController#show (for ::ffff:127.0.0.1 at 2009-05-09 13:47:09) [GET]
  Parameters: {"id"=>"3"}
  [4;35;1mProduct Load (0.8ms)[0m   [0mSELECT * FROM "products" WHERE ("products"."id" = 3) [0m
Rendering template within layouts/products
Rendering products/show
Completed in 29ms (View: 15, DB: 1) | 200 OK [http://localhost/products/3]


Processing ProductsController#edit (for ::ffff:127.0.0.1 at 2009-05-09 13:51:32) [GET]
  Parameters: {"id"=>"3"}
  [4;36;1mProduct Load (0.6ms)[0m   [0;1mSELECT * FROM "products" WHERE ("products"."id" = 3) [0m
Rendering template within layouts/products
Rendering products/edit
Completed in 21ms (View: 7, DB: 1) | 200 OK [http://localhost/products/3/edit]


Processing ProductsController#edit (for ::ffff:127.0.0.1 at 2009-05-09 13:52:10) [GET]
  Parameters: {"id"=>"3"}
  [4;35;1mProduct Load (0.7ms)[0m   [0mSELECT * FROM "products" WHERE ("products"."id" = 3) [0m
Rendering template within layouts/products
Rendering products/edit
Completed in 34ms (View: 22, DB: 1) | 200 OK [http://localhost/products/3/edit]


Processing ProductsController#update (for ::ffff:127.0.0.1 at 2009-05-09 13:52:16) [PUT]
  Parameters: {"commit"=>"Update", "authenticity_token"=>"FB8E7vkPbTD4ZlBQQmKQrDkAd9qjFkGVoLLM63fm6Wo=", "id"=>"3", "product"=>{"price"=>"10.5", "name"=>"outro produto", "description"=>"bla bla bla bububub"}}
  [4;36;1mProduct Load (0.6ms)[0m   [0;1mSELECT * FROM "products" WHERE ("products"."id" = 3) [0m
  [4;35;1mProduct Update (0.6ms)[0m   [0mUPDATE "products" SET "updated_at" = '2009-05-09 16:52:16', "description" = 'bla bla bla bububub' WHERE "id" = 3[0m
Redirected to http://localhost:3000/products/3
Completed in 70ms (DB: 1) | 302 Found [http://localhost/products/3]


Processing ProductsController#show (for ::ffff:127.0.0.1 at 2009-05-09 13:52:16) [GET]
  Parameters: {"id"=>"3"}
  [4;36;1mProduct Load (0.6ms)[0m   [0;1mSELECT * FROM "products" WHERE ("products"."id" = 3) [0m
Rendering template within layouts/products
Rendering products/show
Completed in 29ms (View: 17, DB: 1) | 200 OK [http://localhost/products/3]


Processing ProductsController#show (for ::ffff:127.0.0.1 at 2009-05-09 13:52:55) [GET]
  Parameters: {"id"=>"3"}
  [4;35;1mProduct Load (0.7ms)[0m   [0mSELECT * FROM "products" WHERE ("products"."id" = 3) [0m
Rendering template within layouts/products
Rendering products/show
Completed in 38ms (View: 13, DB: 1) | 200 OK [http://localhost/products/3]


Processing ProductsController#show (for ::ffff:127.0.0.1 at 2009-05-09 13:53:12) [GET]
  Parameters: {"id"=>"3"}
  [4;36;1mProduct Load (0.7ms)[0m   [0;1mSELECT * FROM "products" WHERE ("products"."id" = 3) [0m
Rendering template within layouts/products
Rendering products/show
Completed in 25ms (View: 12, DB: 1) | 200 OK [http://localhost/products/3]


Processing ProductsController#index (for ::ffff:127.0.0.1 at 2009-05-09 13:54:39) [GET]
  [4;35;1mProduct Load (1.4ms)[0m   [0mSELECT * FROM "products" [0m
Rendering template within layouts/products
Rendering products/index
Completed in 44ms (View: 23, DB: 1) | 200 OK [http://localhost/products]


Processing ProductsController#new (for ::ffff:127.0.0.1 at 2009-05-09 13:55:13) [GET]
Rendering template within layouts/products
Rendering products/new
Completed in 18ms (View: 7, DB: 0) | 200 OK [http://localhost/products/new]


Processing ProductsController#create (for ::ffff:127.0.0.1 at 2009-05-09 13:55:58) [POST]
  Parameters: {"commit"=>"Create", "authenticity_token"=>"FB8E7vkPbTD4ZlBQQmKQrDkAd9qjFkGVoLLM63fm6Wo=", "product"=>{"price"=>"0", "name"=>"<script>alert('OPA');</script>", "description"=>""}}
  [4;36;1mProduct Create (0.6ms)[0m   [0;1mINSERT INTO "products" ("name", "price", "created_at", "updated_at", "description") VALUES('<script>alert(''OPA'');</script>', 0.0, '2009-05-09 16:55:58', '2009-05-09 16:55:58', '')[0m
Redirected to http://localhost:3000/products/4
Completed in 100ms (DB: 1) | 302 Found [http://localhost/products]


Processing ProductsController#show (for ::ffff:127.0.0.1 at 2009-05-09 13:55:58) [GET]
  Parameters: {"id"=>"4"}
  [4;35;1mProduct Load (0.6ms)[0m   [0mSELECT * FROM "products" WHERE ("products"."id" = 4) [0m
Rendering template within layouts/products
Rendering products/show
Completed in 25ms (View: 6, DB: 1) | 200 OK [http://localhost/products/4]


Processing ProductsController#index (for ::ffff:127.0.0.1 at 2009-05-09 14:04:31) [GET]
  [4;36;1mProduct Load (1.4ms)[0m   [0;1mSELECT * FROM "products" [0m
Rendering template within layouts/products
Rendering products/index
Completed in 22ms (View: 12, DB: 1) | 200 OK [http://localhost/products]


Processing ProductsController#show (for ::ffff:127.0.0.1 at 2009-05-09 14:11:14) [GET]
  Parameters: {"id"=>"4"}
  [4;35;1mProduct Load (0.7ms)[0m   [0mSELECT * FROM "products" WHERE ("products"."id" = 4) [0m
Rendering template within layouts/products
Rendering products/show
Completed in 26ms (View: 6, DB: 1) | 200 OK [http://localhost/products/4]


Processing ProductsController#show (for ::ffff:127.0.0.1 at 2009-05-09 14:11:17) [GET]
  Parameters: {"id"=>"3"}
  [4;36;1mProduct Load (0.7ms)[0m   [0;1mSELECT * FROM "products" WHERE ("products"."id" = 3) [0m
Rendering template within layouts/products
Rendering products/show
Completed in 19ms (View: 6, DB: 1) | 200 OK [http://localhost/products/3]


Processing ProductsController#show (for ::ffff:127.0.0.1 at 2009-05-09 14:12:08) [GET]
  Parameters: {"id"=>"3"}
  [4;35;1mProduct Load (0.7ms)[0m   [0mSELECT * FROM "products" WHERE ("products"."id" = 3) [0m
Rendering template within layouts/products
Rendering products/show
Completed in 31ms (View: 7, DB: 1) | 200 OK [http://localhost/products/show/3]


Processing ProductsController#edit (for ::ffff:127.0.0.1 at 2009-05-09 14:12:31) [GET]
  Parameters: {"id"=>"3"}
  [4;36;1mProduct Load (0.7ms)[0m   [0;1mSELECT * FROM "products" WHERE ("products"."id" = 3) [0m
Rendering template within layouts/products
Rendering products/edit
Completed in 42ms (View: 19, DB: 1) | 200 OK [http://localhost/products/3/edit]


Processing ProductsController#index to xml (for ::ffff:127.0.0.1 at 2009-05-09 14:29:56) [GET]
  [4;35;1mProduct Load (1.5ms)[0m   [0mSELECT * FROM "products" [0m
Completed in 415ms (View: 344, DB: 1) | 200 OK [http://localhost/products.xml]


Processing ProductsController#index to xml (for ::ffff:127.0.0.1 at 2009-05-09 14:30:34) [GET]
  [4;36;1mProduct Load (1.6ms)[0m   [0;1mSELECT * FROM "products" [0m
Completed in 19ms (View: 1, DB: 2) | 406 Not Acceptable [http://localhost/products.xml]


Processing ProductsController#index to json (for ::ffff:127.0.0.1 at 2009-05-09 14:30:38) [GET]
  [4;35;1mProduct Load (1.6ms)[0m   [0mSELECT * FROM "products" [0m
Completed in 28ms (View: 14, DB: 2) | 200 OK [http://localhost/products.json]


Processing ProductsController#index (for ::ffff:127.0.0.1 at 2009-05-09 14:30:50) [GET]
  [4;36;1mProduct Load (1.6ms)[0m   [0;1mSELECT * FROM "products" [0m
Rendering template within layouts/products
Rendering products/index
Completed in 75ms (View: 64, DB: 2) | 200 OK [http://localhost/products]


Processing ProductsController#index to xml (for ::ffff:127.0.0.1 at 2009-05-09 14:30:54) [GET]
  [4;35;1mProduct Load (1.6ms)[0m   [0mSELECT * FROM "products" [0m
Completed in 24ms (View: 13, DB: 2) | 200 OK [http://localhost/products.xml]


Processing ProductsController#show to xml (for ::ffff:127.0.0.1 at 2009-05-09 14:32:19) [GET]
  Parameters: {"id"=>"1"}
  [4;36;1mProduct Load (0.4ms)[0m   [0;1mSELECT * FROM "products" WHERE ("products"."id" = 1) [0m

ActiveRecord::RecordNotFound (Couldn't find Product with ID=1):
  app/controllers/products_controller.rb:16:in `show'
  /home/jesuslopes/ruby-1.8.7/lib/ruby/1.8/webrick/httpserver.rb:104:in `service'
  /home/jesuslopes/ruby-1.8.7/lib/ruby/1.8/webrick/httpserver.rb:65:in `run'
  /home/jesuslopes/ruby-1.8.7/lib/ruby/1.8/webrick/server.rb:173:in `start_thread'
  /home/jesuslopes/ruby-1.8.7/lib/ruby/1.8/webrick/server.rb:162:in `start'
  /home/jesuslopes/ruby-1.8.7/lib/ruby/1.8/webrick/server.rb:162:in `start_thread'
  /home/jesuslopes/ruby-1.8.7/lib/ruby/1.8/webrick/server.rb:95:in `start'
  /home/jesuslopes/ruby-1.8.7/lib/ruby/1.8/webrick/server.rb:92:in `each'
  /home/jesuslopes/ruby-1.8.7/lib/ruby/1.8/webrick/server.rb:92:in `start'
  /home/jesuslopes/ruby-1.8.7/lib/ruby/1.8/webrick/server.rb:23:in `start'
  /home/jesuslopes/ruby-1.8.7/lib/ruby/1.8/webrick/server.rb:82:in `start'

Rendered rescues/_trace (240.8ms)
Rendered rescues/_request_and_response (14.4ms)
Rendering rescues/layout (not_found)


Processing ProductsController#new (for ::ffff:127.0.0.1 at 2009-05-09 14:35:20) [GET]
Rendering template within layouts/products
Rendering products/new
Completed in 50ms (View: 8, DB: 0) | 200 OK [http://localhost/products/new]


Processing ProductsController#new to xml (for ::ffff:127.0.0.1 at 2009-05-09 14:35:24) [GET]
Completed in 15ms (View: 5, DB: 0) | 200 OK [http://localhost/products/new.xml]
  [4;36;1mSQL (1.2ms)[0m   [0;1m SELECT name
 FROM sqlite_master
 WHERE type = 'table' AND NOT name = 'sqlite_sequence'
[0m
  [4;35;1mSQL (0.4ms)[0m   [0mSELECT version FROM schema_migrations[0m
Migrating to CreateProducts (20090509142019)
Migrating to CreateCategories (20090509174808)
  [4;36;1mSQL (0.4ms)[0m   [0;1mselect sqlite_version(*)[0m
  [4;35;1mSQL (1.0ms)[0m   [0mCREATE TABLE "categories" ("id" INTEGER PRIMARY KEY AUTOINCREMENT NOT NULL, "name" varchar(255), "created_at" datetime, "updated_at" datetime) [0m
  [4;36;1mSQL (0.3ms)[0m   [0;1mINSERT INTO schema_migrations (version) VALUES ('20090509174808')[0m
  [4;35;1mSQL (0.5ms)[0m   [0m SELECT name
 FROM sqlite_master
 WHERE type = 'table' AND NOT name = 'sqlite_sequence'
[0m
  [4;36;1mSQL (0.4ms)[0m   [0;1mSELECT version FROM schema_migrations[0m
  [4;35;1mSQL (0.4ms)[0m   [0m SELECT name
 FROM sqlite_master
 WHERE type = 'table' AND NOT name = 'sqlite_sequence'
[0m
  [4;36;1mSQL (0.1ms)[0m   [0;1mPRAGMA index_list("categories")[0m
  [4;35;1mSQL (0.1ms)[0m   [0mPRAGMA index_list("products")[0m


Processing CategoriesController#index (for ::ffff:127.0.0.1 at 2009-05-09 14:49:33) [GET]
  [4;35;1mCategory Load (0.9ms)[0m   [0mSELECT * FROM "categories" [0m
Rendering template within layouts/categories
Rendering categories/index
Completed in 67ms (View: 45, DB: 1) | 200 OK [http://localhost/categories]


Processing CategoriesController#new (for ::ffff:127.0.0.1 at 2009-05-09 14:49:37) [GET]
Rendering template within layouts/categories
Rendering categories/new
Completed in 166ms (View: 150, DB: 0) | 200 OK [http://localhost/categories/new]


Processing CategoriesController#new (for ::ffff:127.0.0.1 at 2009-05-09 14:50:06) [GET]
Rendering template within layouts/categories
Rendering categories/new
Completed in 74ms (View: 15, DB: 0) | 200 OK [http://localhost/categories/new]


Processing CategoriesController#new (for ::ffff:127.0.0.1 at 2009-05-09 14:50:19) [GET]
Rendering template within layouts/categories
Rendering categories/new
Completed in 45ms (View: 24, DB: 0) | 200 OK [http://localhost/categories/new]


Processing CategoriesController#new (for ::ffff:127.0.0.1 at 2009-05-09 14:50:27) [GET]
Rendering template within layouts/categories
Rendering categories/new
Completed in 26ms (View: 14, DB: 0) | 200 OK [http://localhost/categories/new]


Processing CategoriesController#create (for ::ffff:127.0.0.1 at 2009-05-09 14:50:38) [POST]
  Parameters: {"category"=>{"name"=>"alimentos"}, "commit"=>"Create", "authenticity_token"=>"FB8E7vkPbTD4ZlBQQmKQrDkAd9qjFkGVoLLM63fm6Wo="}
  [4;36;1mCategory Create (0.6ms)[0m   [0;1mINSERT INTO "categories" ("name", "created_at", "updated_at") VALUES('alimentos', '2009-05-09 17:50:38', '2009-05-09 17:50:38')[0m
Redirected to http://localhost:3000/categories/1
Completed in 53ms (DB: 1) | 302 Found [http://localhost/categories]


Processing CategoriesController#show (for ::ffff:127.0.0.1 at 2009-05-09 14:50:38) [GET]
  Parameters: {"id"=>"1"}
  [4;35;1mCategory Load (0.6ms)[0m   [0mSELECT * FROM "categories" WHERE ("categories"."id" = 1) [0m
Rendering template within layouts/categories
Rendering categories/show
Completed in 27ms (View: 8, DB: 1) | 200 OK [http://localhost/categories/1]


Processing CategoriesController#show (for ::ffff:127.0.0.1 at 2009-05-09 14:51:17) [GET]
  Parameters: {"id"=>"1"}
  [4;36;1mCategory Load (0.6ms)[0m   [0;1mSELECT * FROM "categories" WHERE ("categories"."id" = 1) [0m
Rendering template within layouts/categories
Rendering categories/show
Completed in 23ms (View: 3, DB: 1) | 200 OK [http://localhost/categories/1]


Processing CategoriesController#index (for ::ffff:127.0.0.1 at 2009-05-09 14:51:19) [GET]
  [4;35;1mCategory Load (1.3ms)[0m   [0mSELECT * FROM "categories" [0m
Rendering template within layouts/categories
Rendering categories/index
Completed in 38ms (View: 23, DB: 1) | 200 OK [http://localhost/categories]


Processing CategoriesController#index (for ::ffff:127.0.0.1 at 2009-05-09 14:51:58) [GET]
  [4;36;1mCategory Load (1.3ms)[0m   [0;1mSELECT * FROM "categories" [0m
Rendering template within layouts/categories
Rendering categories/index
Completed in 53ms (View: 33, DB: 1) | 200 OK [http://localhost/categories]


Processing CategoriesController#index (for ::ffff:127.0.0.1 at 2009-05-09 14:52:22) [GET]
  [4;35;1mCategory Load (1.2ms)[0m   [0mSELECT * FROM "categories" [0m
Rendering template within layouts/categories
Rendering categories/index

ActionView::TemplateError (You have a nil object when you didn't expect it!
The error occurred while evaluating nil.name) on line #11 of app/views/categories/index.html.erb:
8: 
9: <% @categories.each do |category| %>
10:   <tr>
11:     <td><%=h @category.name %></td>
12:     <td><%= link_to 'Show', category %></td>
13:     <td><%= link_to 'Edit', edit_category_path(category) %></td>
14:     <td><%= link_to 'Destroy', category, :confirm => 'Are you sure?', :method => :delete %></td>

    app/views/categories/index.html.erb:11
    app/views/categories/index.html.erb:9:in `each'
    app/views/categories/index.html.erb:9
    app/controllers/categories_controller.rb:7:in `index'
    /home/jesuslopes/ruby-1.8.7/lib/ruby/1.8/webrick/httpserver.rb:104:in `service'
    /home/jesuslopes/ruby-1.8.7/lib/ruby/1.8/webrick/httpserver.rb:65:in `run'
    /home/jesuslopes/ruby-1.8.7/lib/ruby/1.8/webrick/server.rb:173:in `start_thread'
    /home/jesuslopes/ruby-1.8.7/lib/ruby/1.8/webrick/server.rb:162:in `start'
    /home/jesuslopes/ruby-1.8.7/lib/ruby/1.8/webrick/server.rb:162:in `start_thread'
    /home/jesuslopes/ruby-1.8.7/lib/ruby/1.8/webrick/server.rb:95:in `start'
    /home/jesuslopes/ruby-1.8.7/lib/ruby/1.8/webrick/server.rb:92:in `each'
    /home/jesuslopes/ruby-1.8.7/lib/ruby/1.8/webrick/server.rb:92:in `start'
    /home/jesuslopes/ruby-1.8.7/lib/ruby/1.8/webrick/server.rb:23:in `start'
    /home/jesuslopes/ruby-1.8.7/lib/ruby/1.8/webrick/server.rb:82:in `start'

Rendered rescues/_trace (295.2ms)
Rendered rescues/_request_and_response (0.5ms)
Rendering rescues/layout (internal_server_error)


Processing CategoriesController#index (for ::ffff:127.0.0.1 at 2009-05-09 14:52:31) [GET]
  [4;36;1mCategory Load (1.1ms)[0m   [0;1mSELECT * FROM "categories" [0m
Rendering template within layouts/categories
Rendering categories/index
Completed in 28ms (View: 16, DB: 1) | 200 OK [http://localhost/categories]


Processing CategoriesController#edit (for ::ffff:127.0.0.1 at 2009-05-09 14:52:35) [GET]
  Parameters: {"id"=>"1"}
  [4;35;1mCategory Load (0.6ms)[0m   [0mSELECT * FROM "categories" WHERE ("categories"."id" = 1) [0m
Rendering template within layouts/categories
Rendering categories/edit
Completed in 33ms (View: 21, DB: 1) | 200 OK [http://localhost/categories/1/edit]


Processing CategoriesController#edit (for ::ffff:127.0.0.1 at 2009-05-09 14:52:55) [GET]
  Parameters: {"id"=>"1"}
  [4;36;1mCategory Load (0.6ms)[0m   [0;1mSELECT * FROM "categories" WHERE ("categories"."id" = 1) [0m
Rendering template within layouts/categories
Rendering categories/edit
Completed in 253ms (View: 242, DB: 1) | 200 OK [http://localhost/categories/1/edit]


Processing CategoriesController#update (for ::ffff:127.0.0.1 at 2009-05-09 14:53:02) [PUT]
  Parameters: {"category"=>{"name"=>"alimentos alimentos"}, "commit"=>"Update", "authenticity_token"=>"FB8E7vkPbTD4ZlBQQmKQrDkAd9qjFkGVoLLM63fm6Wo=", "id"=>"1"}
  [4;35;1mCategory Load (0.6ms)[0m   [0mSELECT * FROM "categories" WHERE ("categories"."id" = 1) [0m
  [4;36;1mCategory Update (0.8ms)[0m   [0;1mUPDATE "categories" SET "updated_at" = '2009-05-09 17:53:02', "name" = 'alimentos alimentos' WHERE "id" = 1[0m
Redirected to http://localhost:3000/categories/1
Completed in 127ms (DB: 1) | 302 Found [http://localhost/categories/1]


Processing CategoriesController#show (for ::ffff:127.0.0.1 at 2009-05-09 14:53:02) [GET]
  Parameters: {"id"=>"1"}
  [4;35;1mCategory Load (0.6ms)[0m   [0mSELECT * FROM "categories" WHERE ("categories"."id" = 1) [0m
Rendering template within layouts/categories
Rendering categories/show
Completed in 29ms (View: 4, DB: 1) | 200 OK [http://localhost/categories/1]


Processing CategoriesController#show (for ::ffff:127.0.0.1 at 2009-05-09 14:53:53) [GET]
  Parameters: {"id"=>"1"}
  [4;36;1mCategory Load (0.6ms)[0m   [0;1mSELECT * FROM "categories" WHERE ("categories"."id" = 1) [0m
Rendering template within layouts/categories
Rendering categories/show
Completed in 34ms (View: 17, DB: 1) | 200 OK [http://localhost/categories/1]


Processing CategoriesController#show (for ::ffff:127.0.0.1 at 2009-05-09 14:54:10) [GET]
  Parameters: {"id"=>"1"}
  [4;35;1mCategory Load (0.6ms)[0m   [0mSELECT * FROM "categories" WHERE ("categories"."id" = 1) [0m
Rendering template within layouts/categories
Rendering categories/show
Completed in 22ms (View: 11, DB: 1) | 200 OK [http://localhost/categories/1]


Processing CategoriesController#show (for ::ffff:127.0.0.1 at 2009-05-09 14:54:15) [GET]
  Parameters: {"id"=>"1"}
  [4;36;1mCategory Load (0.6ms)[0m   [0;1mSELECT * FROM "categories" WHERE ("categories"."id" = 1) [0m
Rendering template within layouts/categories
Rendering categories/show
Completed in 22ms (View: 10, DB: 1) | 200 OK [http://localhost/categories/1]


Processing CategoriesController#index (for ::ffff:127.0.0.1 at 2009-05-09 14:54:25) [GET]
  [4;35;1mCategory Load (1.1ms)[0m   [0mSELECT * FROM "categories" [0m
Rendering template within layouts/categories
Rendering categories/index
Completed in 70ms (View: 50, DB: 1) | 200 OK [http://localhost/categories]


Processing CategoriesController#new (for ::ffff:127.0.0.1 at 2009-05-09 14:54:27) [GET]
Rendering template within layouts/categories
Rendering categories/new
Completed in 21ms (View: 9, DB: 0) | 200 OK [http://localhost/categories/new]


Processing CategoriesController#create (for ::ffff:127.0.0.1 at 2009-05-09 14:54:29) [POST]
  Parameters: {"category"=>{"name"=>"bla bla bla"}, "commit"=>"Create", "authenticity_token"=>"FB8E7vkPbTD4ZlBQQmKQrDkAd9qjFkGVoLLM63fm6Wo="}
  [4;36;1mCategory Create (0.7ms)[0m   [0;1mINSERT INTO "categories" ("name", "created_at", "updated_at") VALUES('bla bla bla', '2009-05-09 17:54:29', '2009-05-09 17:54:29')[0m
Redirected to http://localhost:3000/categories/2
Completed in 30ms (DB: 1) | 302 Found [http://localhost/categories]


Processing CategoriesController#show (for ::ffff:127.0.0.1 at 2009-05-09 14:54:29) [GET]
  Parameters: {"id"=>"2"}
  [4;35;1mCategory Load (0.7ms)[0m   [0mSELECT * FROM "categories" WHERE ("categories"."id" = 2) [0m
Rendering template within layouts/categories
Rendering categories/show
Completed in 25ms (View: 6, DB: 1) | 200 OK [http://localhost/categories/2]


Processing CategoriesController#index (for ::ffff:127.0.0.1 at 2009-05-09 14:54:35) [GET]
  [4;36;1mCategory Load (1.4ms)[0m   [0;1mSELECT * FROM "categories" [0m
Rendering template within layouts/categories
Rendering categories/index
Completed in 20ms (View: 10, DB: 1) | 200 OK [http://localhost/categories]


Processing CategoriesController#destroy (for ::ffff:127.0.0.1 at 2009-05-09 14:54:38) [DELETE]
  Parameters: {"authenticity_token"=>"FB8E7vkPbTD4ZlBQQmKQrDkAd9qjFkGVoLLM63fm6Wo=", "id"=>"2"}
  [4;35;1mCategory Load (0.6ms)[0m   [0mSELECT * FROM "categories" WHERE ("categories"."id" = 2) [0m
  [4;36;1mCategory Destroy (0.6ms)[0m   [0;1mDELETE FROM "categories" WHERE "id" = 2[0m
Redirected to http://localhost:3000/categories
Completed in 76ms (DB: 1) | 302 Found [http://localhost/categories/2]


Processing CategoriesController#index (for ::ffff:127.0.0.1 at 2009-05-09 14:54:38) [GET]
  [4;35;1mCategory Load (1.1ms)[0m   [0mSELECT * FROM "categories" [0m
Rendering template within layouts/categories
Rendering categories/index
Completed in 18ms (View: 8, DB: 1) | 200 OK [http://localhost/categories]


Processing CategoriesController#new (for ::ffff:127.0.0.1 at 2009-05-09 14:54:59) [GET]
Rendering template within layouts/categories
Rendering categories/new
Completed in 46ms (View: 6, DB: 0) | 200 OK [http://localhost/categories/new]


Processing CategoriesController#index (for ::ffff:127.0.0.1 at 2009-05-09 14:55:01) [GET]
  [4;36;1mCategory Load (1.1ms)[0m   [0;1mSELECT * FROM "categories" [0m
Rendering template within layouts/categories
Rendering categories/index
Completed in 18ms (View: 8, DB: 1) | 200 OK [http://localhost/categories]


Processing CategoriesController#show (for ::ffff:127.0.0.1 at 2009-05-09 15:00:10) [GET]
  Parameters: {"id"=>"1"}
  [4;35;1mCategory Load (0.6ms)[0m   [0mSELECT * FROM "categories" WHERE ("categories"."id" = 1) [0m
Rendering template within layouts/categories
Rendering categories/show
Completed in 24ms (View: 5, DB: 1) | 200 OK [http://localhost/categories/1]


Processing CategoriesController#index (for ::ffff:127.0.0.1 at 2009-05-09 15:00:12) [GET]
  [4;36;1mCategory Load (1.3ms)[0m   [0;1mSELECT * FROM "categories" [0m
Rendering template within layouts/categories
Rendering categories/index
Completed in 23ms (View: 13, DB: 1) | 200 OK [http://localhost/categories]


Processing ProductsController#index (for ::ffff:127.0.0.1 at 2009-05-09 15:17:45) [GET]
  [4;35;1mProduct Load (1.6ms)[0m   [0mSELECT * FROM "products" [0m
Rendering template within layouts/products
Rendering products/index
Completed in 24ms (View: 13, DB: 2) | 200 OK [http://localhost/products]


Processing ProductsController#new (for ::ffff:127.0.0.1 at 2009-05-09 15:17:56) [GET]
Rendering template within layouts/products
Rendering products/new
Completed in 50ms (View: 8, DB: 0) | 200 OK [http://localhost/products/new]


Processing ProductsController#create (for ::ffff:127.0.0.1 at 2009-05-09 15:17:58) [POST]
  Parameters: {"commit"=>"Create", "authenticity_token"=>"FB8E7vkPbTD4ZlBQQmKQrDkAd9qjFkGVoLLM63fm6Wo=", "product"=>{"price"=>"", "name"=>"", "description"=>""}}
Rendering template within layouts/products
Rendering products/new
Completed in 35ms (View: 7, DB: 0) | 200 OK [http://localhost/products]


Processing ProductsController#index (for ::ffff:127.0.0.1 at 2009-05-09 15:21:14) [GET]
  [4;36;1mProduct Load (1.5ms)[0m   [0;1mSELECT * FROM "products" [0m
Rendering template within layouts/products
Rendering products/index
Completed in 24ms (View: 13, DB: 1) | 200 OK [http://localhost/products/]


Processing ProductsController#new (for ::ffff:127.0.0.1 at 2009-05-09 15:21:19) [GET]
Rendering template within layouts/products
Rendering products/new
Completed in 32ms (View: 8, DB: 0) | 200 OK [http://localhost/products/new]


Processing ProductsController#create (for ::ffff:127.0.0.1 at 2009-05-09 15:21:27) [POST]
  Parameters: {"commit"=>"Create", "authenticity_token"=>"FB8E7vkPbTD4ZlBQQmKQrDkAd9qjFkGVoLLM63fm6Wo=", "product"=>{"price"=>"", "name"=>"pipoca", "description"=>""}}
  [4;35;1mProduct Exists (0.5ms)[0m   [0mSELECT "products".id FROM "products" WHERE ("products"."name" = 'pipoca') LIMIT 1[0m
Rendering template within layouts/products
Rendering products/new
Completed in 33ms (View: 6, DB: 1) | 200 OK [http://localhost/products]


Processing ProductsController#create (for ::ffff:127.0.0.1 at 2009-05-09 15:23:06) [POST]
  Parameters: {"commit"=>"Create", "authenticity_token"=>"FB8E7vkPbTD4ZlBQQmKQrDkAd9qjFkGVoLLM63fm6Wo=", "product"=>{"price"=>"ss", "name"=>"pipoca", "description"=>""}}
  [4;36;1mSQL (1.3ms)[0m   [0;1m SELECT name
 FROM sqlite_master
 WHERE type = 'table' AND NOT name = 'sqlite_sequence'
[0m
  [4;35;1mSQL (0.7ms)[0m   [0m SELECT name
 FROM sqlite_master
 WHERE type = 'table' AND NOT name = 'sqlite_sequence'
[0m

NoMethodError (undefined method `validates_numericaly_of' for #<Class:0xb772dce4>):
  app/models/product.rb:5
  app/controllers/products_controller.rb:43:in `create'
  /home/jesuslopes/ruby-1.8.7/lib/ruby/1.8/webrick/httpserver.rb:104:in `service'
  /home/jesuslopes/ruby-1.8.7/lib/ruby/1.8/webrick/httpserver.rb:65:in `run'
  /home/jesuslopes/ruby-1.8.7/lib/ruby/1.8/webrick/server.rb:173:in `start_thread'
  /home/jesuslopes/ruby-1.8.7/lib/ruby/1.8/webrick/server.rb:162:in `start'
  /home/jesuslopes/ruby-1.8.7/lib/ruby/1.8/webrick/server.rb:162:in `start_thread'
  /home/jesuslopes/ruby-1.8.7/lib/ruby/1.8/webrick/server.rb:95:in `start'
  /home/jesuslopes/ruby-1.8.7/lib/ruby/1.8/webrick/server.rb:92:in `each'
  /home/jesuslopes/ruby-1.8.7/lib/ruby/1.8/webrick/server.rb:92:in `start'
  /home/jesuslopes/ruby-1.8.7/lib/ruby/1.8/webrick/server.rb:23:in `start'
  /home/jesuslopes/ruby-1.8.7/lib/ruby/1.8/webrick/server.rb:82:in `start'

Rendered rescues/_trace (219.8ms)
Rendered rescues/_request_and_response (3.1ms)
Rendering rescues/layout (internal_server_error)


Processing ProductsController#create (for ::ffff:127.0.0.1 at 2009-05-09 15:23:20) [POST]
  Parameters: {"commit"=>"Create", "authenticity_token"=>"FB8E7vkPbTD4ZlBQQmKQrDkAd9qjFkGVoLLM63fm6Wo=", "product"=>{"price"=>"ss", "name"=>"pipoca", "description"=>""}}
  [4;36;1mSQL (1.1ms)[0m   [0;1m SELECT name
 FROM sqlite_master
 WHERE type = 'table' AND NOT name = 'sqlite_sequence'
[0m
  [4;35;1mSQL (0.6ms)[0m   [0m SELECT name
 FROM sqlite_master
 WHERE type = 'table' AND NOT name = 'sqlite_sequence'
[0m

NoMethodError (undefined method `validates_numericalyty_of' for #<Class:0xb760dc24>):
  app/models/product.rb:5
  app/controllers/products_controller.rb:43:in `create'
  /home/jesuslopes/ruby-1.8.7/lib/ruby/1.8/webrick/httpserver.rb:104:in `service'
  /home/jesuslopes/ruby-1.8.7/lib/ruby/1.8/webrick/httpserver.rb:65:in `run'
  /home/jesuslopes/ruby-1.8.7/lib/ruby/1.8/webrick/server.rb:173:in `start_thread'
  /home/jesuslopes/ruby-1.8.7/lib/ruby/1.8/webrick/server.rb:162:in `start'
  /home/jesuslopes/ruby-1.8.7/lib/ruby/1.8/webrick/server.rb:162:in `start_thread'
  /home/jesuslopes/ruby-1.8.7/lib/ruby/1.8/webrick/server.rb:95:in `start'
  /home/jesuslopes/ruby-1.8.7/lib/ruby/1.8/webrick/server.rb:92:in `each'
  /home/jesuslopes/ruby-1.8.7/lib/ruby/1.8/webrick/server.rb:92:in `start'
  /home/jesuslopes/ruby-1.8.7/lib/ruby/1.8/webrick/server.rb:23:in `start'
  /home/jesuslopes/ruby-1.8.7/lib/ruby/1.8/webrick/server.rb:82:in `start'

Rendered rescues/_trace (276.5ms)
Rendered rescues/_request_and_response (0.7ms)
Rendering rescues/layout (internal_server_error)


Processing ProductsController#create (for ::ffff:127.0.0.1 at 2009-05-09 15:23:31) [POST]
  Parameters: {"commit"=>"Create", "authenticity_token"=>"FB8E7vkPbTD4ZlBQQmKQrDkAd9qjFkGVoLLM63fm6Wo=", "product"=>{"price"=>"ss", "name"=>"pipoca", "description"=>""}}
  [4;36;1mProduct Exists (0.6ms)[0m   [0;1mSELECT "products".id FROM "products" WHERE ("products"."name" = 'pipoca') LIMIT 1[0m
Rendering template within layouts/products
Rendering products/new
Completed in 48ms (View: 13, DB: 1) | 200 OK [http://localhost/products]


Processing ProductsController#index (for ::ffff:127.0.0.1 at 2009-05-09 15:26:07) [GET]
  [4;35;1mProduct Load (14.8ms)[0m   [0mSELECT * FROM "products" [0m
Rendering template within layouts/products
Rendering products/index
Completed in 56ms (View: 27, DB: 15) | 200 OK [http://localhost/products]


Processing ProductsController#new (for ::ffff:127.0.0.1 at 2009-05-09 15:26:10) [GET]
Rendering template within layouts/products
Rendering products/new
Completed in 19ms (View: 8, DB: 0) | 200 OK [http://localhost/products/new]


Processing ProductsController#create (for ::ffff:127.0.0.1 at 2009-05-09 15:30:16) [POST]
  Parameters: {"commit"=>"Create", "authenticity_token"=>"FB8E7vkPbTD4ZlBQQmKQrDkAd9qjFkGVoLLM63fm6Wo=", "product"=>{"price"=>"", "name"=>"s", "description"=>""}}
  [4;36;1mProduct Exists (0.4ms)[0m   [0;1mSELECT "products".id FROM "products" WHERE ("products"."name" = 's') LIMIT 1[0m
Rendering template within layouts/products
Rendering products/new
Completed in 67ms (View: 6, DB: 0) | 200 OK [http://localhost/products]


Processing CategoriesController#index (for ::ffff:127.0.0.1 at 2009-05-09 15:41:07) [GET]
  [4;35;1mCategory Load (1.3ms)[0m   [0mSELECT * FROM "categories" [0m
Rendering template within layouts/categories
Rendering categories/index
Completed in 31ms (View: 17, DB: 1) | 200 OK [http://localhost/categories]


Processing CategoriesController#new (for ::ffff:127.0.0.1 at 2009-05-09 15:41:32) [GET]
Rendering template within layouts/categories
Rendering categories/new
Completed in 18ms (View: 6, DB: 0) | 200 OK [http://localhost/categories/new]


Processing CategoriesController#create (for ::ffff:127.0.0.1 at 2009-05-09 15:41:33) [POST]
  Parameters: {"category"=>{"name"=>""}, "commit"=>"Create", "authenticity_token"=>"FB8E7vkPbTD4ZlBQQmKQrDkAd9qjFkGVoLLM63fm6Wo="}
Rendering template within layouts/categories
Rendering categories/new
Completed in 25ms (View: 5, DB: 0) | 200 OK [http://localhost/categories]


Processing CategoriesController#index (for ::ffff:127.0.0.1 at 2009-05-09 15:41:55) [GET]
  [4;36;1mCategory Load (1.3ms)[0m   [0;1mSELECT * FROM "categories" [0m
Rendering template within layouts/categories
Rendering categories/index
Completed in 65ms (View: 47, DB: 1) | 200 OK [http://localhost/categories]


Processing CategoriesController#new (for ::ffff:127.0.0.1 at 2009-05-09 15:41:59) [GET]
Rendering template within layouts/categories
Rendering categories/new
Completed in 22ms (View: 8, DB: 0) | 200 OK [http://localhost/categories/new]


Processing CategoriesController#create (for ::ffff:127.0.0.1 at 2009-05-09 15:42:01) [POST]
  Parameters: {"category"=>{"name"=>"alimentos alimentos"}, "commit"=>"Create", "authenticity_token"=>"FB8E7vkPbTD4ZlBQQmKQrDkAd9qjFkGVoLLM63fm6Wo="}
  [4;35;1mCategory Exists (0.5ms)[0m   [0mSELECT "categories".id FROM "categories" WHERE ("categories"."name" = 'alimentos alimentos') LIMIT 1[0m
Rendering template within layouts/categories
Rendering categories/new
Completed in 33ms (View: 7, DB: 0) | 200 OK [http://localhost/categories]


Processing CategoriesController#create (for ::ffff:127.0.0.1 at 2009-05-09 15:42:17) [POST]
  Parameters: {"category"=>{"name"=>"alimentos alimentos"}, "commit"=>"Create", "authenticity_token"=>"FB8E7vkPbTD4ZlBQQmKQrDkAd9qjFkGVoLLM63fm6Wo="}
  [4;36;1mCategory Exists (0.5ms)[0m   [0;1mSELECT "categories".id FROM "categories" WHERE ("categories"."name" = 'alimentos alimentos') LIMIT 1[0m
Rendering template within layouts/categories
Rendering categories/new
Completed in 38ms (View: 17, DB: 0) | 200 OK [http://localhost/categories]
  [4;36;1mSQL (1.3ms)[0m   [0;1m SELECT name
 FROM sqlite_master
 WHERE type = 'table' AND NOT name = 'sqlite_sequence'
[0m
  [4;35;1mSQL (0.4ms)[0m   [0mSELECT version FROM schema_migrations[0m
Migrating to CreateProducts (20090509142019)
Migrating to CreateCategories (20090509174808)
Migrating to AddCategoryIdToProduct (20090509185051)
  [4;36;1mSQL (0.3ms)[0m   [0;1mselect sqlite_version(*)[0m
  [4;35;1mSQL (1.1ms)[0m   [0mALTER TABLE "products" ADD "category_id" integer[0m
  [4;36;1mSQL (0.5ms)[0m   [0;1mCREATE INDEX "index_products_on_category_id" ON "products" ("category_id")[0m
  [4;35;1mSQL (0.3ms)[0m   [0mINSERT INTO schema_migrations (version) VALUES ('20090509185051')[0m
  [4;36;1mSQL (0.4ms)[0m   [0;1m SELECT name
 FROM sqlite_master
 WHERE type = 'table' AND NOT name = 'sqlite_sequence'
[0m
  [4;35;1mSQL (0.4ms)[0m   [0mSELECT version FROM schema_migrations[0m
  [4;36;1mSQL (0.5ms)[0m   [0;1m SELECT name
 FROM sqlite_master
 WHERE type = 'table' AND NOT name = 'sqlite_sequence'
[0m
  [4;35;1mSQL (0.1ms)[0m   [0mPRAGMA index_list("categories")[0m
  [4;36;1mSQL (0.3ms)[0m   [0;1mPRAGMA index_list("products")[0m
  [4;35;1mSQL (0.2ms)[0m   [0mPRAGMA index_info('index_products_on_category_id')[0m
  [4;36;1mSQL (1.3ms)[0m   [0;1m SELECT name
 FROM sqlite_master
 WHERE type = 'table' AND NOT name = 'sqlite_sequence'
[0m
  [4;35;1mSQL (0.4ms)[0m   [0mSELECT version FROM schema_migrations[0m
  [4;36;1mSQL (0.5ms)[0m   [0;1m SELECT name
 FROM sqlite_master
 WHERE type = 'table' AND NOT name = 'sqlite_sequence'
[0m
  [4;35;1mSQL (0.4ms)[0m   [0mSELECT version FROM schema_migrations[0m
Migrating to AddCategoryIdToProduct (20090509185051)
  [4;36;1mSQL (0.3ms)[0m   [0;1mselect sqlite_version(*)[0m
  [4;35;1mSQL (0.9ms)[0m   [0mDROP INDEX "index_products_on_category_id"[0m
  [4;36;1mSQL (1.1ms)[0m   [0;1mCREATE TEMPORARY TABLE "altered_products" ("id" INTEGER PRIMARY KEY AUTOINCREMENT NOT NULL, "name" varchar(255), "description" text, "price" decimal, "created_at" datetime, "updated_at" datetime, "category_id" integer) [0m
  [4;35;1mSQL (0.1ms)[0m   [0mPRAGMA index_list("products")[0m
  [4;36;1mSQL (0.7ms)[0m   [0;1mDROP TABLE "products"[0m
  [4;35;1mSQL (0.4ms)[0m   [0mCREATE TABLE "products" ("id" INTEGER PRIMARY KEY AUTOINCREMENT NOT NULL, "name" varchar(255), "description" text, "price" decimal, "created_at" datetime, "updated_at" datetime) [0m
  [4;36;1mSQL (0.1ms)[0m   [0;1mPRAGMA index_list("altered_products")[0m
  [4;35;1mSQL (0.3ms)[0m   [0mDROP TABLE "altered_products"[0m
  [4;36;1mSQL (0.3ms)[0m   [0;1mDELETE FROM schema_migrations WHERE version = '20090509185051'[0m
  [4;35;1mSQL (0.4ms)[0m   [0m SELECT name
 FROM sqlite_master
 WHERE type = 'table' AND NOT name = 'sqlite_sequence'
[0m
  [4;36;1mSQL (0.4ms)[0m   [0;1mSELECT version FROM schema_migrations[0m
  [4;35;1mSQL (0.6ms)[0m   [0m SELECT name
 FROM sqlite_master
 WHERE type = 'table' AND NOT name = 'sqlite_sequence'
[0m
  [4;36;1mSQL (0.2ms)[0m   [0;1mPRAGMA index_list("categories")[0m
  [4;35;1mSQL (0.1ms)[0m   [0mPRAGMA index_list("products")[0m
  [4;36;1mSQL (1.4ms)[0m   [0;1m SELECT name
 FROM sqlite_master
 WHERE type = 'table' AND NOT name = 'sqlite_sequence'
[0m
  [4;35;1mSQL (0.4ms)[0m   [0mSELECT version FROM schema_migrations[0m
Migrating to CreateProducts (20090509142019)
Migrating to CreateCategories (20090509174808)
Migrating to AddCategoryIdToProduct (20090509185051)
  [4;36;1mSQL (0.3ms)[0m   [0;1mselect sqlite_version(*)[0m
  [4;35;1mSQL (1.1ms)[0m   [0mALTER TABLE "products" ADD "category_id" integer[0m
  [4;36;1mSQL (0.5ms)[0m   [0;1mCREATE INDEX "index_products_on_category_id" ON "products" ("category_id")[0m
  [4;35;1mSQL (0.3ms)[0m   [0mINSERT INTO schema_migrations (version) VALUES ('20090509185051')[0m
  [4;36;1mSQL (0.5ms)[0m   [0;1m SELECT name
 FROM sqlite_master
 WHERE type = 'table' AND NOT name = 'sqlite_sequence'
[0m
  [4;35;1mSQL (0.4ms)[0m   [0mSELECT version FROM schema_migrations[0m
  [4;36;1mSQL (0.4ms)[0m   [0;1m SELECT name
 FROM sqlite_master
 WHERE type = 'table' AND NOT name = 'sqlite_sequence'
[0m
  [4;35;1mSQL (0.1ms)[0m   [0mPRAGMA index_list("categories")[0m
  [4;36;1mSQL (0.3ms)[0m   [0;1mPRAGMA index_list("products")[0m
  [4;35;1mSQL (0.3ms)[0m   [0mPRAGMA index_info('index_products_on_category_id')[0m
  [4;36;1mProduct Load (2.2ms)[0m   [0;1mSELECT * FROM "products" LIMIT 1[0m
  [4;35;1mProduct Load (0.8ms)[0m   [0mSELECT * FROM "products" LIMIT 1[0m
  [4;36;1mSQL (0.8ms)[0m   [0;1m SELECT name
 FROM sqlite_master
 WHERE type = 'table' AND NOT name = 'sqlite_sequence'
[0m
  [4;35;1mCategory Load (0.7ms)[0m   [0mSELECT * FROM "categories" LIMIT 1[0m
  [4;36;1mProduct Exists (0.3ms)[0m   [0;1mSELECT "products".id FROM "products" WHERE ("products"."name" = 'pipoca' AND "products".id <> 2) LIMIT 1[0m
  [4;35;1mProduct Update (0.8ms)[0m   [0mUPDATE "products" SET "updated_at" = '2009-05-09 19:25:40', "category_id" = 1 WHERE "id" = 2[0m
  [4;36;1mProduct Load (2.2ms)[0m   [0;1mSELECT * FROM "products" LIMIT 1[0m
  [4;35;1mCategory Load (0.7ms)[0m   [0mSELECT * FROM "categories" LIMIT 1[0m
  [4;36;1mProduct Load (1.0ms)[0m   [0;1mSELECT * FROM "products" WHERE ("products".category_id = 1) [0m
  [4;35;1mProduct Exists (0.5ms)[0m   [0mSELECT "products".id FROM "products" WHERE ("products"."name" = 'produlo pela categoria') LIMIT 1[0m
  [4;36;1mProduct Create (1.2ms)[0m   [0;1mINSERT INTO "products" ("name", "price", "created_at", "updated_at", "category_id", "description") VALUES('produlo pela categoria', 0.0, '2009-05-09 19:35:39', '2009-05-09 19:35:39', 1, NULL)[0m


Processing CategoriesController#index (for ::ffff:127.0.0.1 at 2009-05-09 16:44:46) [GET]
  [4;35;1mCategory Load (1.1ms)[0m   [0mSELECT * FROM "categories" [0m
Rendering template within layouts/categories
Rendering categories/index
Completed in 33ms (View: 8, DB: 1) | 200 OK [http://localhost/categories]
  [4;35;1mSQL (0.8ms)[0m   [0mSELECT count(*) AS count_all FROM "products" WHERE ("products".category_id = 1) [0m
  [4;36;1mCategory Load (0.7ms)[0m   [0;1mSELECT * FROM "categories" WHERE ("categories"."id" = 1) [0m
  [4;35;1mProduct Load (1.0ms)[0m   [0mSELECT * FROM "products" WHERE ("products".category_id = 1) [0m


Processing CategoriesController#new (for ::ffff:127.0.0.1 at 2009-05-09 16:51:58) [GET]
Rendering template within layouts/categories
Rendering categories/new
Completed in 20ms (View: 6, DB: 0) | 200 OK [http://localhost/categories/new]


Processing ProductsController#index (for ::ffff:127.0.0.1 at 2009-05-09 16:52:04) [GET]
  [4;36;1mProduct Load (10.4ms)[0m   [0;1mSELECT * FROM "products" [0m
Rendering template within layouts/products
Rendering products/index
Completed in 45ms (View: 15, DB: 10) | 200 OK [http://localhost/products]


Processing ProductsController#new (for ::ffff:127.0.0.1 at 2009-05-09 16:52:05) [GET]
Rendering template within layouts/products
Rendering products/new
Completed in 26ms (View: 14, DB: 0) | 200 OK [http://localhost/products/new]


Processing ProductsController#new (for ::ffff:127.0.0.1 at 2009-05-09 16:53:29) [GET]
Rendering template within layouts/products
Rendering products/new

ActionView::TemplateError (wrong number of arguments (1 for 2)) on line #7 of app/views/products/new.html.erb:
4:   <%= f.error_messages %>
5:   <p>
6:     <%= f.label :category %><br />
7:     <%= f.select :category %>
8:   </p>
9:   <p>
10:     <%= f.label :name %><br />

    app/views/products/new.html.erb:7:in `select'
    app/views/products/new.html.erb:7
    app/views/products/new.html.erb:3
    app/controllers/products_controller.rb:29:in `new'
    /home/jesuslopes/ruby-1.8.7/lib/ruby/1.8/webrick/httpserver.rb:104:in `service'
    /home/jesuslopes/ruby-1.8.7/lib/ruby/1.8/webrick/httpserver.rb:65:in `run'
    /home/jesuslopes/ruby-1.8.7/lib/ruby/1.8/webrick/server.rb:173:in `start_thread'
    /home/jesuslopes/ruby-1.8.7/lib/ruby/1.8/webrick/server.rb:162:in `start'
    /home/jesuslopes/ruby-1.8.7/lib/ruby/1.8/webrick/server.rb:162:in `start_thread'
    /home/jesuslopes/ruby-1.8.7/lib/ruby/1.8/webrick/server.rb:95:in `start'
    /home/jesuslopes/ruby-1.8.7/lib/ruby/1.8/webrick/server.rb:92:in `each'
    /home/jesuslopes/ruby-1.8.7/lib/ruby/1.8/webrick/server.rb:92:in `start'
    /home/jesuslopes/ruby-1.8.7/lib/ruby/1.8/webrick/server.rb:23:in `start'
    /home/jesuslopes/ruby-1.8.7/lib/ruby/1.8/webrick/server.rb:82:in `start'

Rendered rescues/_trace (150.1ms)
Rendered rescues/_request_and_response (0.6ms)
Rendering rescues/layout (internal_server_error)


Processing ProductsController#new (for ::ffff:127.0.0.1 at 2009-05-09 16:55:22) [GET]
Rendering template within layouts/products
Rendering products/new
  [4;35;1mCategory Load (0.6ms)[0m   [0mSELECT * FROM "categories" [0m
Completed in 43ms (View: 27, DB: 1) | 200 OK [http://localhost/products/new]


Processing CategoriesController#index (for ::ffff:127.0.0.1 at 2009-05-09 16:55:38) [GET]
  [4;36;1mCategory Load (1.1ms)[0m   [0;1mSELECT * FROM "categories" [0m
Rendering template within layouts/categories
Rendering categories/index
Completed in 19ms (View: 8, DB: 1) | 200 OK [http://localhost/categories]


Processing CategoriesController#new (for ::ffff:127.0.0.1 at 2009-05-09 16:55:41) [GET]
Rendering template within layouts/categories
Rendering categories/new
Completed in 29ms (View: 7, DB: 0) | 200 OK [http://localhost/categories/new]


Processing CategoriesController#create (for ::ffff:127.0.0.1 at 2009-05-09 16:55:49) [POST]
  Parameters: {"category"=>{"name"=>"informática"}, "commit"=>"Create", "authenticity_token"=>"FB8E7vkPbTD4ZlBQQmKQrDkAd9qjFkGVoLLM63fm6Wo="}
  [4;35;1mCategory Exists (0.4ms)[0m   [0mSELECT "categories".id FROM "categories" WHERE ("categories"."name" = 'informática') LIMIT 1[0m
  [4;36;1mCategory Create (0.6ms)[0m   [0;1mINSERT INTO "categories" ("name", "created_at", "updated_at") VALUES('informática', '2009-05-09 19:55:49', '2009-05-09 19:55:49')[0m
Redirected to http://localhost:3000/categories/3
Completed in 47ms (DB: 1) | 302 Found [http://localhost/categories]


Processing CategoriesController#show (for ::ffff:127.0.0.1 at 2009-05-09 16:55:50) [GET]
  Parameters: {"id"=>"3"}
  [4;35;1mCategory Load (0.6ms)[0m   [0mSELECT * FROM "categories" WHERE ("categories"."id" = 3) [0m
Rendering template within layouts/categories
Rendering categories/show
Completed in 26ms (View: 6, DB: 1) | 200 OK [http://localhost/categories/3]


Processing ProductsController#index (for ::ffff:127.0.0.1 at 2009-05-09 16:55:54) [GET]
  [4;36;1mProduct Load (1.9ms)[0m   [0;1mSELECT * FROM "products" [0m
Rendering template within layouts/products
Rendering products/index
Completed in 41ms (View: 23, DB: 2) | 200 OK [http://localhost/products]


Processing ProductsController#new (for ::ffff:127.0.0.1 at 2009-05-09 16:55:56) [GET]
Rendering template within layouts/products
Rendering products/new
  [4;35;1mCategory Load (0.7ms)[0m   [0mSELECT * FROM "categories" [0m
Completed in 35ms (View: 19, DB: 1) | 200 OK [http://localhost/products/new]


Processing ProductsController#new (for ::ffff:127.0.0.1 at 2009-05-09 16:56:34) [GET]
Rendering template within layouts/products
Rendering products/new
  [4;36;1mCategory Load (0.7ms)[0m   [0;1mSELECT * FROM "categories" [0m
Completed in 78ms (View: 38, DB: 1) | 200 OK [http://localhost/products/new]


Processing ProductsController#create (for ::ffff:127.0.0.1 at 2009-05-09 17:01:45) [POST]
  Parameters: {"commit"=>"Create", "authenticity_token"=>"FB8E7vkPbTD4ZlBQQmKQrDkAd9qjFkGVoLLM63fm6Wo=", "product"=>{"price"=>"", "name"=>"", "category"=>"1", "description"=>""}}

ActiveRecord::AssociationTypeMismatch (Category(#-608513528) expected, got String(#-604327428)):
  app/controllers/products_controller.rb:43:in `new'
  app/controllers/products_controller.rb:43:in `create'
  /home/jesuslopes/ruby-1.8.7/lib/ruby/1.8/webrick/httpserver.rb:104:in `service'
  /home/jesuslopes/ruby-1.8.7/lib/ruby/1.8/webrick/httpserver.rb:65:in `run'
  /home/jesuslopes/ruby-1.8.7/lib/ruby/1.8/webrick/server.rb:173:in `start_thread'
  /home/jesuslopes/ruby-1.8.7/lib/ruby/1.8/webrick/server.rb:162:in `start'
  /home/jesuslopes/ruby-1.8.7/lib/ruby/1.8/webrick/server.rb:162:in `start_thread'
  /home/jesuslopes/ruby-1.8.7/lib/ruby/1.8/webrick/server.rb:95:in `start'
  /home/jesuslopes/ruby-1.8.7/lib/ruby/1.8/webrick/server.rb:92:in `each'
  /home/jesuslopes/ruby-1.8.7/lib/ruby/1.8/webrick/server.rb:92:in `start'
  /home/jesuslopes/ruby-1.8.7/lib/ruby/1.8/webrick/server.rb:23:in `start'
  /home/jesuslopes/ruby-1.8.7/lib/ruby/1.8/webrick/server.rb:82:in `start'

Rendered rescues/_trace (180.3ms)
Rendered rescues/_request_and_response (0.7ms)
Rendering rescues/layout (internal_server_error)


Processing ProductsController#edit (for ::ffff:127.0.0.1 at 2009-05-09 17:03:42) [GET]
  Parameters: {"id"=>"5"}
  [4;35;1mProduct Load (0.4ms)[0m   [0mSELECT * FROM "products" WHERE ("products"."id" = 5) [0m
Rendering template within layouts/products
Rendering products/edit
Completed in 14ms (View: 6, DB: 0) | 200 OK [http://localhost/products/5/edit]


Processing ProductsController#new (for ::ffff:127.0.0.1 at 2009-05-09 17:03:57) [GET]
Rendering template within layouts/products
Rendering products/new
  [4;36;1mCategory Load (0.5ms)[0m   [0;1mSELECT * FROM "categories" [0m
Completed in 23ms (View: 15, DB: 0) | 200 OK [http://localhost/products/new]


Processing ProductsController#create (for ::ffff:127.0.0.1 at 2009-05-09 17:03:59) [POST]
  Parameters: {"commit"=>"Create", "authenticity_token"=>"FB8E7vkPbTD4ZlBQQmKQrDkAd9qjFkGVoLLM63fm6Wo=", "product"=>{"price"=>"", "name"=>"", "category_id"=>"", "description"=>""}}
  [4;35;1mProduct Exists (0.3ms)[0m   [0mSELECT "products".id FROM "products" WHERE ("products"."name" = '') LIMIT 1[0m
Rendering template within layouts/products
Rendering products/new
  [4;36;1mCategory Load (0.6ms)[0m   [0;1mSELECT * FROM "categories" [0m
Completed in 76ms (View: 34, DB: 1) | 200 OK [http://localhost/products]


Processing ProductsController#create (for ::ffff:127.0.0.1 at 2009-05-09 17:05:00) [POST]
  Parameters: {"commit"=>"Create", "authenticity_token"=>"FB8E7vkPbTD4ZlBQQmKQrDkAd9qjFkGVoLLM63fm6Wo=", "product"=>{"price"=>"teste", "name"=>"tes", "category_id"=>"1", "description"=>"testet"}}
  [4;35;1mProduct Exists (0.3ms)[0m   [0mSELECT "products".id FROM "products" WHERE ("products"."name" = 'tes') LIMIT 1[0m
Rendering template within layouts/products
Rendering products/new
  [4;36;1mCategory Load (0.6ms)[0m   [0;1mSELECT * FROM "categories" [0m
Completed in 29ms (View: 11, DB: 1) | 200 OK [http://localhost/products]


Processing ProductsController#create (for ::ffff:127.0.0.1 at 2009-05-09 17:05:04) [POST]
  Parameters: {"commit"=>"Create", "authenticity_token"=>"FB8E7vkPbTD4ZlBQQmKQrDkAd9qjFkGVoLLM63fm6Wo=", "product"=>{"price"=>"1", "name"=>"tes", "category_id"=>"1", "description"=>"testet"}}
  [4;35;1mProduct Exists (0.4ms)[0m   [0mSELECT "products".id FROM "products" WHERE ("products"."name" = 'tes') LIMIT 1[0m
  [4;36;1mProduct Create (0.7ms)[0m   [0;1mINSERT INTO "products" ("name", "price", "created_at", "updated_at", "category_id", "description") VALUES('tes', 1.0, '2009-05-09 20:05:04', '2009-05-09 20:05:04', 1, 'testet')[0m
Redirected to http://localhost:3000/products/6
Completed in 135ms (DB: 1) | 302 Found [http://localhost/products]


Processing ProductsController#show (for ::ffff:127.0.0.1 at 2009-05-09 17:05:04) [GET]
  Parameters: {"id"=>"6"}
  [4;35;1mProduct Load (0.7ms)[0m   [0mSELECT * FROM "products" WHERE ("products"."id" = 6) [0m
Rendering template within layouts/products
Rendering products/show
Completed in 25ms (View: 7, DB: 1) | 200 OK [http://localhost/products/6]


Processing ProductsController#index (for ::ffff:127.0.0.1 at 2009-05-09 17:05:51) [GET]
  [4;36;1mProduct Load (2.0ms)[0m   [0;1mSELECT * FROM "products" [0m
Rendering template within layouts/products
Rendering products/index
Completed in 41ms (View: 19, DB: 2) | 200 OK [http://localhost/products]


Processing ProductsController#new (for ::ffff:127.0.0.1 at 2009-05-09 17:05:56) [GET]
Rendering template within layouts/products
Rendering products/new
  [4;35;1mCategory Load (0.5ms)[0m   [0mSELECT * FROM "categories" [0m
Completed in 23ms (View: 15, DB: 0) | 200 OK [http://localhost/products/new]


Processing ProductsController#edit (for ::ffff:127.0.0.1 at 2009-05-09 17:06:28) [GET]
  Parameters: {"id"=>"6"}
  [4;36;1mProduct Load (0.7ms)[0m   [0;1mSELECT * FROM "products" WHERE ("products"."id" = 6) [0m
Rendering template within layouts/products
Rendering products/edit
  [4;35;1mCategory Load (0.8ms)[0m   [0mSELECT * FROM "categories" [0m
Completed in 89ms (View: 64, DB: 2) | 200 OK [http://localhost/products/6/edit]


Processing ProductsController#edit (for ::ffff:127.0.0.1 at 2009-05-09 17:06:34) [GET]
  Parameters: {"id"=>"5"}
  [4;36;1mProduct Load (0.7ms)[0m   [0;1mSELECT * FROM "products" WHERE ("products"."id" = 5) [0m
Rendering template within layouts/products
Rendering products/edit
  [4;35;1mCategory Load (0.8ms)[0m   [0mSELECT * FROM "categories" [0m
Completed in 47ms (View: 33, DB: 1) | 200 OK [http://localhost/products/5/edit]


Processing ProductsController#index (for ::ffff:127.0.0.1 at 2009-05-09 17:07:16) [GET]
  [4;36;1mProduct Load (1.9ms)[0m   [0;1mSELECT * FROM "products" [0m
Rendering template within layouts/products
Rendering products/index
Completed in 38ms (View: 25, DB: 2) | 200 OK [http://localhost/products]


Processing ProductsController#index (for ::ffff:127.0.0.1 at 2009-05-09 17:07:33) [GET]
  [4;35;1mProduct Load (1.9ms)[0m   [0mSELECT * FROM "products" [0m
Rendering template within layouts/products
Rendering products/index
  [4;36;1mCategory Load (0.6ms)[0m   [0;1mSELECT * FROM "categories" WHERE ("categories"."id" = 1) [0m

ActionView::TemplateError (You have a nil object when you didn't expect it!
The error occurred while evaluating nil.name) on line #14 of app/views/products/index.html.erb:
11: <% @products.each do |product| %>
12:   <tr>
13:     <td><%=h product.name %></td>
14:     <td><%=h product.category.name %></td>
15:     <td><%=h product.price %></td>
16:     <td><%= link_to 'Show', product %></td>
17:     <td><%= link_to 'Edit', edit_product_path(product) %></td>

    app/views/products/index.html.erb:14
    app/views/products/index.html.erb:11:in `each'
    app/views/products/index.html.erb:11
    app/controllers/products_controller.rb:7:in `index'
    /home/jesuslopes/ruby-1.8.7/lib/ruby/1.8/webrick/httpserver.rb:104:in `service'
    /home/jesuslopes/ruby-1.8.7/lib/ruby/1.8/webrick/httpserver.rb:65:in `run'
    /home/jesuslopes/ruby-1.8.7/lib/ruby/1.8/webrick/server.rb:173:in `start_thread'
    /home/jesuslopes/ruby-1.8.7/lib/ruby/1.8/webrick/server.rb:162:in `start'
    /home/jesuslopes/ruby-1.8.7/lib/ruby/1.8/webrick/server.rb:162:in `start_thread'
    /home/jesuslopes/ruby-1.8.7/lib/ruby/1.8/webrick/server.rb:95:in `start'
    /home/jesuslopes/ruby-1.8.7/lib/ruby/1.8/webrick/server.rb:92:in `each'
    /home/jesuslopes/ruby-1.8.7/lib/ruby/1.8/webrick/server.rb:92:in `start'
    /home/jesuslopes/ruby-1.8.7/lib/ruby/1.8/webrick/server.rb:23:in `start'
    /home/jesuslopes/ruby-1.8.7/lib/ruby/1.8/webrick/server.rb:82:in `start'

Rendered rescues/_trace (249.0ms)
Rendered rescues/_request_and_response (0.5ms)
Rendering rescues/layout (internal_server_error)


Processing ProductsController#index (for ::ffff:127.0.0.1 at 2009-05-09 17:08:01) [GET]
  [4;35;1mProduct Load (1.1ms)[0m   [0mSELECT * FROM "products" [0m
Rendering template within layouts/products
Rendering products/index
Completed in 23ms (View: 16, DB: 1) | 200 OK [http://localhost/products]


Processing ProductsController#index (for ::ffff:127.0.0.1 at 2009-05-09 17:08:26) [GET]
  [4;36;1mProduct Load (2.1ms)[0m   [0;1mSELECT * FROM "products" [0m
Rendering template within layouts/products
Rendering products/index
  [4;35;1mCategory Load (0.6ms)[0m   [0mSELECT * FROM "categories" WHERE ("categories"."id" = 1) [0m
  [4;36;1mCACHE (0.0ms)[0m   [0;1mSELECT * FROM "categories" WHERE ("categories"."id" = 1) [0m
  [4;35;1mCACHE (0.0ms)[0m   [0mSELECT * FROM "categories" WHERE ("categories"."id" = 1) [0m
Completed in 113ms (View: 85, DB: 3) | 200 OK [http://localhost/products]


Processing ProductsController#show (for ::ffff:127.0.0.1 at 2009-05-09 17:08:45) [GET]
  Parameters: {"id"=>"5"}
  [4;36;1mProduct Load (0.7ms)[0m   [0;1mSELECT * FROM "products" WHERE ("products"."id" = 5) [0m
Rendering template within layouts/products
Rendering products/show
Completed in 44ms (View: 16, DB: 1) | 200 OK [http://localhost/products/5]


Processing ProductsController#show (for ::ffff:127.0.0.1 at 2009-05-09 17:08:58) [GET]
  Parameters: {"id"=>"5"}
  [4;35;1mProduct Load (0.7ms)[0m   [0mSELECT * FROM "products" WHERE ("products"."id" = 5) [0m
Rendering template within layouts/products
Rendering products/show
Completed in 20ms (View: 6, DB: 1) | 200 OK [http://localhost/products/5]


Processing ProductsController#show (for ::ffff:127.0.0.1 at 2009-05-09 17:09:32) [GET]
  Parameters: {"id"=>"5"}
  [4;36;1mProduct Load (0.7ms)[0m   [0;1mSELECT * FROM "products" WHERE ("products"."id" = 5) [0m
Rendering template within layouts/products
Rendering products/show

ActionView::TemplateError (undefined method `category_name' for #<Product:0xb7662d00>) on line #4 of app/views/products/show.html.erb:
1: <h1>Show product</h2>
2:   <p>
3:     <%= label :product, :category %><br />
4:     <%=h @product.category_name %>
5:   </p>
6:   <p>
7:     <%= label :product, :name %><br />

    app/views/products/show.html.erb:4
    app/controllers/products_controller.rb:18:in `show'
    /home/jesuslopes/ruby-1.8.7/lib/ruby/1.8/webrick/httpserver.rb:104:in `service'
    /home/jesuslopes/ruby-1.8.7/lib/ruby/1.8/webrick/httpserver.rb:65:in `run'
    /home/jesuslopes/ruby-1.8.7/lib/ruby/1.8/webrick/server.rb:173:in `start_thread'
    /home/jesuslopes/ruby-1.8.7/lib/ruby/1.8/webrick/server.rb:162:in `start'
    /home/jesuslopes/ruby-1.8.7/lib/ruby/1.8/webrick/server.rb:162:in `start_thread'
    /home/jesuslopes/ruby-1.8.7/lib/ruby/1.8/webrick/server.rb:95:in `start'
    /home/jesuslopes/ruby-1.8.7/lib/ruby/1.8/webrick/server.rb:92:in `each'
    /home/jesuslopes/ruby-1.8.7/lib/ruby/1.8/webrick/server.rb:92:in `start'
    /home/jesuslopes/ruby-1.8.7/lib/ruby/1.8/webrick/server.rb:23:in `start'
    /home/jesuslopes/ruby-1.8.7/lib/ruby/1.8/webrick/server.rb:82:in `start'

Rendered rescues/_trace (517.6ms)
Rendered rescues/_request_and_response (0.6ms)
Rendering rescues/layout (internal_server_error)


Processing ProductsController#show (for ::ffff:127.0.0.1 at 2009-05-09 17:09:40) [GET]
  Parameters: {"id"=>"5"}
  [4;35;1mProduct Load (0.7ms)[0m   [0mSELECT * FROM "products" WHERE ("products"."id" = 5) [0m
Rendering template within layouts/products
Rendering products/show
  [4;36;1mCategory Load (0.6ms)[0m   [0;1mSELECT * FROM "categories" WHERE ("categories"."id" = 1) [0m
Completed in 48ms (View: 23, DB: 1) | 200 OK [http://localhost/products/5]


Processing CategoriesController#index (for ::ffff:127.0.0.1 at 2009-05-09 17:10:18) [GET]
  [4;35;1mCategory Load (1.3ms)[0m   [0mSELECT * FROM "categories" [0m
Rendering template within layouts/categories
Rendering categories/index
Completed in 21ms (View: 10, DB: 1) | 200 OK [http://localhost/categories]
  [4;36;1mCategory Load (0.8ms)[0m   [0;1mSELECT * FROM "categories" WHERE ("categories"."id" = 3) [0m
  [4;35;1mProduct Load (0.6ms)[0m   [0mSELECT * FROM "products" WHERE ("products".category_id = 3) [0m


Processing ProductsController#index (for ::ffff:127.0.0.1 at 2009-05-09 17:10:48) [GET]
  [4;36;1mProduct Load (1.9ms)[0m   [0;1mSELECT * FROM "products" [0m
Rendering template within layouts/products
Rendering products/index
  [4;35;1mCategory Load (10.7ms)[0m   [0mSELECT * FROM "categories" WHERE ("categories"."id" = 1) [0m
  [4;36;1mCACHE (0.0ms)[0m   [0;1mSELECT * FROM "categories" WHERE ("categories"."id" = 1) [0m
  [4;35;1mCACHE (0.0ms)[0m   [0mSELECT * FROM "categories" WHERE ("categories"."id" = 1) [0m
Completed in 569ms (View: 546, DB: 13) | 200 OK [http://localhost/products]


Processing ProductsController#index (for ::ffff:127.0.0.1 at 2009-05-09 17:15:56) [GET]
  [4;36;1mProduct Load (2.1ms)[0m   [0;1mSELECT * FROM "products" [0m
Rendering template within layouts/products
Rendering products/index

ActionView::TemplateError (undefined method `category_name' for #<Product:0xb7715ae0>) on line #14 of app/views/products/index.html.erb:
11: <% @products.each do |product| %>
12:   <tr>
13:     <td><%=h product.name %></td>
14:     <td><%=h product.category_name %></td>
15:     <td><%=h product.price %></td>
16:     <td><%= link_to 'Show', product %></td>
17:     <td><%= link_to 'Edit', edit_product_path(product) %></td>

    app/views/products/index.html.erb:14
    app/views/products/index.html.erb:11:in `each'
    app/views/products/index.html.erb:11
    app/controllers/products_controller.rb:7:in `index'
    /home/jesuslopes/ruby-1.8.7/lib/ruby/1.8/webrick/httpserver.rb:104:in `service'
    /home/jesuslopes/ruby-1.8.7/lib/ruby/1.8/webrick/httpserver.rb:65:in `run'
    /home/jesuslopes/ruby-1.8.7/lib/ruby/1.8/webrick/server.rb:173:in `start_thread'
    /home/jesuslopes/ruby-1.8.7/lib/ruby/1.8/webrick/server.rb:162:in `start'
    /home/jesuslopes/ruby-1.8.7/lib/ruby/1.8/webrick/server.rb:162:in `start_thread'
    /home/jesuslopes/ruby-1.8.7/lib/ruby/1.8/webrick/server.rb:95:in `start'
    /home/jesuslopes/ruby-1.8.7/lib/ruby/1.8/webrick/server.rb:92:in `each'
    /home/jesuslopes/ruby-1.8.7/lib/ruby/1.8/webrick/server.rb:92:in `start'
    /home/jesuslopes/ruby-1.8.7/lib/ruby/1.8/webrick/server.rb:23:in `start'
    /home/jesuslopes/ruby-1.8.7/lib/ruby/1.8/webrick/server.rb:82:in `start'

Rendered rescues/_trace (462.9ms)
Rendered rescues/_request_and_response (0.6ms)
Rendering rescues/layout (internal_server_error)


Processing ProductsController#index (for ::ffff:127.0.0.1 at 2009-05-09 17:16:22) [GET]
  [4;35;1mProduct Load (2.2ms)[0m   [0mSELECT * FROM "products" [0m
Rendering template within layouts/products
Rendering products/index
  [4;36;1mCategory Load (0.7ms)[0m   [0;1mSELECT * FROM "categories" WHERE ("categories"."id" = 1) [0m
  [4;35;1mCACHE (0.0ms)[0m   [0mSELECT * FROM "categories" WHERE ("categories"."id" = 1) [0m
  [4;36;1mCACHE (0.0ms)[0m   [0;1mSELECT * FROM "categories" WHERE ("categories"."id" = 1) [0m
Completed in 141ms (View: 121, DB: 3) | 200 OK [http://localhost/products]


Processing ProductsController#show (for ::ffff:127.0.0.1 at 2009-05-09 17:16:47) [GET]
  Parameters: {"id"=>"3"}
  [4;35;1mProduct Load (0.7ms)[0m   [0mSELECT * FROM "products" WHERE ("products"."id" = 3) [0m
Rendering template within layouts/products
Rendering products/show

ActionView::TemplateError (You have a nil object when you didn't expect it!
The error occurred while evaluating nil.name) on line #4 of app/views/products/show.html.erb:
1: <h1>Show product</h2>
2:   <p>
3:     <%= label :product, :category %><br />
4:     <%=h @product.category.name %>
5:   </p>
6:   <p>
7:     <%= label :product, :name %><br />

    app/views/products/show.html.erb:4
    app/controllers/products_controller.rb:18:in `show'
    /home/jesuslopes/ruby-1.8.7/lib/ruby/1.8/webrick/httpserver.rb:104:in `service'
    /home/jesuslopes/ruby-1.8.7/lib/ruby/1.8/webrick/httpserver.rb:65:in `run'
    /home/jesuslopes/ruby-1.8.7/lib/ruby/1.8/webrick/server.rb:173:in `start_thread'
    /home/jesuslopes/ruby-1.8.7/lib/ruby/1.8/webrick/server.rb:162:in `start'
    /home/jesuslopes/ruby-1.8.7/lib/ruby/1.8/webrick/server.rb:162:in `start_thread'
    /home/jesuslopes/ruby-1.8.7/lib/ruby/1.8/webrick/server.rb:95:in `start'
    /home/jesuslopes/ruby-1.8.7/lib/ruby/1.8/webrick/server.rb:92:in `each'
    /home/jesuslopes/ruby-1.8.7/lib/ruby/1.8/webrick/server.rb:92:in `start'
    /home/jesuslopes/ruby-1.8.7/lib/ruby/1.8/webrick/server.rb:23:in `start'
    /home/jesuslopes/ruby-1.8.7/lib/ruby/1.8/webrick/server.rb:82:in `start'

Rendered rescues/_trace (456.1ms)
Rendered rescues/_request_and_response (0.6ms)
Rendering rescues/layout (internal_server_error)


Processing ProductsController#show (for ::ffff:127.0.0.1 at 2009-05-09 17:17:07) [GET]
  Parameters: {"id"=>"3"}
  [4;36;1mProduct Load (104.2ms)[0m   [0;1mSELECT * FROM "products" WHERE ("products"."id" = 3) [0m
Rendering template within layouts/products
Rendering products/show
Completed in 170ms (View: 43, DB: 104) | 200 OK [http://localhost/products/3]


Processing ProductsController#index (for ::ffff:127.0.0.1 at 2009-05-09 17:17:38) [GET]
  [4;35;1mProduct Load (1.9ms)[0m   [0mSELECT * FROM "products" [0m
Rendering template within layouts/products
Rendering products/index
  [4;36;1mCategory Load (0.6ms)[0m   [0;1mSELECT * FROM "categories" WHERE ("categories"."id" = 1) [0m
  [4;35;1mCACHE (0.0ms)[0m   [0mSELECT * FROM "categories" WHERE ("categories"."id" = 1) [0m
  [4;36;1mCACHE (0.0ms)[0m   [0;1mSELECT * FROM "categories" WHERE ("categories"."id" = 1) [0m
Completed in 64ms (View: 51, DB: 2) | 200 OK [http://localhost/products]


Processing ProductsController#show (for ::ffff:127.0.0.1 at 2009-05-09 17:17:56) [GET]
  Parameters: {"id"=>"2"}
  [4;35;1mProduct Load (0.7ms)[0m   [0mSELECT * FROM "products" WHERE ("products"."id" = 2) [0m
Rendering template within layouts/products
Rendering products/show
  [4;36;1mCategory Load (0.6ms)[0m   [0;1mSELECT * FROM "categories" WHERE ("categories"."id" = 1) [0m
Completed in 33ms (View: 18, DB: 1) | 200 OK [http://localhost/products/2]
  [4;36;1mProduct Load (2.1ms)[0m   [0;1mSELECT * FROM "products" LIMIT 1[0m
  [4;35;1mCategory Load (0.8ms)[0m   [0mSELECT * FROM "categories" WHERE ("categories"."id" = 1) [0m


Processing ProductsController#new (for ::ffff:127.0.0.1 at 2009-05-09 17:24:01) [GET]
Rendering template within layouts/products
Rendering products/new
  [4;35;1mCategory Load (0.9ms)[0m   [0mSELECT * FROM "categories" [0m
Completed in 312ms (View: 62, DB: 1) | 200 OK [http://localhost/products/new]


Processing ProductsController#new (for ::ffff:127.0.0.1 at 2009-05-09 17:24:06) [GET]
Rendering template within layouts/products
Rendering products/new
Completed in 97ms (View: 22, DB: 0) | 200 OK [http://localhost/products/new]


Processing ProductsController#new (for ::ffff:127.0.0.1 at 2009-05-09 17:24:21) [GET]
Rendering template within layouts/products
Rendering products/new

ActionView::TemplateError (undefined local variable or method `f' for #<ActionView::Base:0xb76c53b0>) on line #2 of app/views/products/_form.html.erb:
1: <p>
2:     <%= f.label :category %><br />
3:     <%= f.collection_select :category_id, Category.all, :id, :name, :include_blank => true %>
4:   </p>
5:   <p>

    app/views/products/_form.html.erb:2
    app/views/products/new.html.erb:5
    app/views/products/new.html.erb:3
    app/controllers/products_controller.rb:29:in `new'
    /home/jesuslopes/ruby-1.8.7/lib/ruby/1.8/webrick/httpserver.rb:104:in `service'
    /home/jesuslopes/ruby-1.8.7/lib/ruby/1.8/webrick/httpserver.rb:65:in `run'
    /home/jesuslopes/ruby-1.8.7/lib/ruby/1.8/webrick/server.rb:173:in `start_thread'
    /home/jesuslopes/ruby-1.8.7/lib/ruby/1.8/webrick/server.rb:162:in `start'
    /home/jesuslopes/ruby-1.8.7/lib/ruby/1.8/webrick/server.rb:162:in `start_thread'
    /home/jesuslopes/ruby-1.8.7/lib/ruby/1.8/webrick/server.rb:95:in `start'
    /home/jesuslopes/ruby-1.8.7/lib/ruby/1.8/webrick/server.rb:92:in `each'
    /home/jesuslopes/ruby-1.8.7/lib/ruby/1.8/webrick/server.rb:92:in `start'
    /home/jesuslopes/ruby-1.8.7/lib/ruby/1.8/webrick/server.rb:23:in `start'
    /home/jesuslopes/ruby-1.8.7/lib/ruby/1.8/webrick/server.rb:82:in `start'

Rendered rescues/_trace (493.0ms)
Rendered rescues/_request_and_response (0.5ms)
Rendering rescues/layout (internal_server_error)


Processing ProductsController#new (for ::ffff:127.0.0.1 at 2009-05-09 17:25:03) [GET]
Rendering template within layouts/products
Rendering products/new
Completed in 51ms (View: 26, DB: 0) | 200 OK [http://localhost/products/new]


Processing ProductsController#new (for ::ffff:127.0.0.1 at 2009-05-09 17:25:56) [GET]
Rendering template within layouts/products
Rendering products/new

ActionView::TemplateError (undefined local variable or method `f' for #<ActionView::Base:0xb75d21ec>) on line #2 of app/views/products/_form.html.erb:
1:   <p>
2:     <%= f.label :category %><br />
3:     <%= f.collection_select :category_id, Category.all, :id, :name, :include_blank => true %>
4:   </p>
5:   <p>

    app/views/products/_form.html.erb:2
    app/views/products/new.html.erb:5
    app/views/products/new.html.erb:3
    app/controllers/products_controller.rb:29:in `new'
    /home/jesuslopes/ruby-1.8.7/lib/ruby/1.8/webrick/httpserver.rb:104:in `service'
    /home/jesuslopes/ruby-1.8.7/lib/ruby/1.8/webrick/httpserver.rb:65:in `run'
    /home/jesuslopes/ruby-1.8.7/lib/ruby/1.8/webrick/server.rb:173:in `start_thread'
    /home/jesuslopes/ruby-1.8.7/lib/ruby/1.8/webrick/server.rb:162:in `start'
    /home/jesuslopes/ruby-1.8.7/lib/ruby/1.8/webrick/server.rb:162:in `start_thread'
    /home/jesuslopes/ruby-1.8.7/lib/ruby/1.8/webrick/server.rb:95:in `start'
    /home/jesuslopes/ruby-1.8.7/lib/ruby/1.8/webrick/server.rb:92:in `each'
    /home/jesuslopes/ruby-1.8.7/lib/ruby/1.8/webrick/server.rb:92:in `start'
    /home/jesuslopes/ruby-1.8.7/lib/ruby/1.8/webrick/server.rb:23:in `start'
    /home/jesuslopes/ruby-1.8.7/lib/ruby/1.8/webrick/server.rb:82:in `start'

Rendered rescues/_trace (422.7ms)
Rendered rescues/_request_and_response (0.4ms)
Rendering rescues/layout (internal_server_error)


Processing ProductsController#new (for ::ffff:127.0.0.1 at 2009-05-09 17:26:27) [GET]
Rendering template within layouts/products
Rendering products/new
  [4;36;1mCategory Load (0.9ms)[0m   [0;1mSELECT * FROM "categories" [0m
Rendered products/_form (15.9ms)
Completed in 46ms (View: 28, DB: 1) | 200 OK [http://localhost/products/new]


Processing ProductsController#edit (for ::ffff:127.0.0.1 at 2009-05-09 17:27:00) [GET]
  Parameters: {"id"=>"5"}
  [4;35;1mProduct Load (0.5ms)[0m   [0mSELECT * FROM "products" WHERE ("products"."id" = 5) [0m
Rendering template within layouts/products
Rendering products/edit
Completed in 17ms (View: 8, DB: 0) | 200 OK [http://localhost/products/5/edit]


Processing ProductsController#edit (for ::ffff:127.0.0.1 at 2009-05-09 17:27:15) [GET]
  Parameters: {"id"=>"5"}
  [4;36;1mProduct Load (0.7ms)[0m   [0;1mSELECT * FROM "products" WHERE ("products"."id" = 5) [0m
Rendering template within layouts/products
Rendering products/edit
  [4;35;1mCategory Load (0.7ms)[0m   [0mSELECT * FROM "categories" [0m
Rendered products/_form (26.4ms)
Completed in 54ms (View: 40, DB: 1) | 200 OK [http://localhost/products/5/edit]


Processing ProductsController#edit (for ::ffff:127.0.0.1 at 2009-05-09 17:28:49) [GET]
  Parameters: {"id"=>"5"}
  [4;36;1mProduct Load (0.6ms)[0m   [0;1mSELECT * FROM "products" WHERE ("products"."id" = 5) [0m
Rendering template within layouts/products
Rendering products/edit
  [4;35;1mCategory Load (0.8ms)[0m   [0mSELECT * FROM "categories" [0m
Rendered products/_form (38.8ms)
Completed in 289ms (View: 265, DB: 1) | 200 OK [http://localhost/products/5/edit]


Processing CategoriesController#index (for ::ffff:127.0.0.1 at 2009-05-09 17:28:59) [GET]
  [4;36;1mCategory Load (1.4ms)[0m   [0;1mSELECT * FROM "categories" [0m
Rendering template within layouts/categories
Rendering categories/index
Completed in 22ms (View: 10, DB: 1) | 200 OK [http://localhost/categories]


Processing CategoriesController#new (for ::ffff:127.0.0.1 at 2009-05-09 17:29:02) [GET]
Rendering template within layouts/categories
Rendering categories/new
Completed in 79ms (View: 22, DB: 0) | 200 OK [http://localhost/categories/new]


Processing CategoriesController#new (for ::ffff:127.0.0.1 at 2009-05-09 17:29:36) [GET]
Rendering template within layouts/categories
Rendering categories/new
Completed in 30ms (View: 15, DB: 0) | 200 OK [http://localhost/categories/new]


Processing CategoriesController#new (for ::ffff:127.0.0.1 at 2009-05-09 17:29:58) [GET]
Rendering template within layouts/categories
Rendering categories/new
Rendered categories/_form (1.6ms)
Completed in 29ms (View: 17, DB: 0) | 200 OK [http://localhost/categories/new]


Processing CategoriesController#create (for ::ffff:127.0.0.1 at 2009-05-09 17:30:01) [POST]
  Parameters: {"category"=>{"name"=>""}, "commit"=>"Create", "authenticity_token"=>"FB8E7vkPbTD4ZlBQQmKQrDkAd9qjFkGVoLLM63fm6Wo="}
  [4;35;1mCategory Exists (0.4ms)[0m   [0mSELECT "categories".id FROM "categories" WHERE ("categories"."name" = '') LIMIT 1[0m
Rendering template within layouts/categories
Rendering categories/new
Rendered categories/_form (0.7ms)
Completed in 105ms (View: 6, DB: 0) | 200 OK [http://localhost/categories]


Processing CategoriesController#index (for ::ffff:127.0.0.1 at 2009-05-09 17:30:08) [GET]
  [4;36;1mCategory Load (1.0ms)[0m   [0;1mSELECT * FROM "categories" [0m
Rendering template within layouts/categories
Rendering categories/index
Completed in 14ms (View: 6, DB: 1) | 200 OK [http://localhost/categories]


Processing CategoriesController#edit (for ::ffff:127.0.0.1 at 2009-05-09 17:30:10) [GET]
  Parameters: {"id"=>"3"}
  [4;35;1mCategory Load (0.6ms)[0m   [0mSELECT * FROM "categories" WHERE ("categories"."id" = 3) [0m
Rendering template within layouts/categories
Rendering categories/edit
Completed in 28ms (View: 15, DB: 1) | 200 OK [http://localhost/categories/3/edit]


Processing CategoriesController#edit (for ::ffff:127.0.0.1 at 2009-05-09 17:30:32) [GET]
  Parameters: {"id"=>"3"}
  [4;36;1mCategory Load (0.5ms)[0m   [0;1mSELECT * FROM "categories" WHERE ("categories"."id" = 3) [0m
Rendering template within layouts/categories
Rendering categories/edit
Completed in 16ms (View: 8, DB: 0) | 200 OK [http://localhost/categories/3/edit]


Processing CategoriesController#edit (for ::ffff:127.0.0.1 at 2009-05-09 17:30:42) [GET]
  Parameters: {"id"=>"3"}
  [4;35;1mCategory Load (0.4ms)[0m   [0mSELECT * FROM "categories" WHERE ("categories"."id" = 3) [0m
Rendering template within layouts/categories
Rendering categories/edit
Rendered categories/_form (0.5ms)
Completed in 17ms (View: 9, DB: 0) | 200 OK [http://localhost/categories/3/edit]


Processing CategoriesController#index (for ::ffff:127.0.0.1 at 2009-05-09 17:37:30) [GET]
  [4;36;1mCategory Load (1.5ms)[0m   [0;1mSELECT * FROM "categories" [0m
Rendering template within layouts/categories
Rendering categories/index
Completed in 21ms (View: 9, DB: 2) | 200 OK [http://localhost/categories]


Processing CategoriesController#edit (for ::ffff:127.0.0.1 at 2009-05-09 17:39:13) [GET]
  Parameters: {"id"=>"3"}
  [4;35;1mCategory Load (0.6ms)[0m   [0mSELECT * FROM "categories" WHERE ("categories"."id" = 3) [0m
Rendering template within layouts/categories
Rendering categories/edit
Rendered categories/_form (0.7ms)
Completed in 102ms (View: 25, DB: 1) | 200 OK [http://localhost/categories/3/edit]


Processing CategoriesController#update (for ::ffff:127.0.0.1 at 2009-05-09 17:39:15) [PUT]
  Parameters: {"category"=>{"name"=>"informática"}, "commit"=>"Update", "authenticity_token"=>"FB8E7vkPbTD4ZlBQQmKQrDkAd9qjFkGVoLLM63fm6Wo=", "id"=>"3"}
  [4;36;1mCategory Load (0.6ms)[0m   [0;1mSELECT * FROM "categories" WHERE ("categories"."id" = 3) [0m
  [4;35;1mCategory Exists (0.4ms)[0m   [0mSELECT "categories".id FROM "categories" WHERE ("categories"."name" = 'informática' AND "categories".id <> 3) LIMIT 1[0m
Redirected to http://localhost:3000/categories/3
Completed in 343ms (DB: 1) | 302 Found [http://localhost/categories/3]


Processing CategoriesController#show (for ::ffff:127.0.0.1 at 2009-05-09 17:39:15) [GET]
  Parameters: {"id"=>"3"}
  [4;36;1mCategory Load (0.7ms)[0m   [0;1mSELECT * FROM "categories" WHERE ("categories"."id" = 3) [0m
Rendering template within layouts/categories
Rendering categories/show
Completed in 19ms (View: 5, DB: 1) | 200 OK [http://localhost/categories/3]


Processing CategoriesController#show (for ::ffff:127.0.0.1 at 2009-05-09 17:43:53) [GET]
  Parameters: {"id"=>"3"}
  [4;35;1mCategory Load (0.4ms)[0m   [0mSELECT * FROM "categories" WHERE ("categories"."id" = 3) [0m
Rendering template within layouts/application
Rendering categories/show
Completed in 19ms (View: 10, DB: 0) | 200 OK [http://localhost/categories/3]


Processing CategoriesController#index (for ::ffff:127.0.0.1 at 2009-05-09 17:44:13) [GET]
  [4;36;1mCategory Load (1.6ms)[0m   [0;1mSELECT * FROM "categories" [0m
Rendering template within layouts/application
Rendering categories/index
Completed in 21ms (View: 10, DB: 2) | 200 OK [http://localhost/categories/]


Processing CategoriesController#index (for ::ffff:127.0.0.1 at 2009-05-09 17:44:39) [GET]
  [4;35;1mCategory Load (1.4ms)[0m   [0mSELECT * FROM "categories" [0m
Rendering template within layouts/application
Rendering categories/index
Completed in 105ms (View: 40, DB: 1) | 200 OK [http://localhost/categories/]


Processing CategoriesController#index (for ::ffff:127.0.0.1 at 2009-05-09 17:46:58) [GET]
  [4;36;1mCategory Load (0.9ms)[0m   [0;1mSELECT * FROM "categories" [0m
Rendering template within layouts/application
Rendering categories/index
Completed in 20ms (View: 10, DB: 1) | 200 OK [http://localhost/categories/]


Processing CategoriesController#index (for ::ffff:127.0.0.1 at 2009-05-09 17:47:10) [GET]
  [4;36;1mCategory Load (2.5ms)[0m   [0;1mSELECT * FROM "categories" [0m
Rendering template within layouts/application
Rendering categories/index
Completed in 59ms (View: 30, DB: 2) | 200 OK [http://localhost/categories/]


Processing CategoriesController#index (for ::ffff:127.0.0.1 at 2009-05-09 17:47:31) [GET]
  [4;35;1mCategory Load (0.8ms)[0m   [0mSELECT * FROM "categories" [0m
Rendering template within layouts/application
Rendering categories/index
Completed in 17ms (View: 10, DB: 1) | 200 OK [http://localhost/categories/]


Processing CategoriesController#index (for ::ffff:127.0.0.1 at 2009-05-09 17:48:43) [GET]
  [4;36;1mCategory Load (1.2ms)[0m   [0;1mSELECT * FROM "categories" [0m
Rendering template within layouts/application
Rendering categories/index
Completed in 36ms (View: 25, DB: 1) | 200 OK [http://localhost/categories/]
